WARNING:tensorflow:From C:\ProgramData\Anaconda3\envs\tensor-env\lib\site-packages\tensorflow\python\framework\op_def_library.py:263: colocate_with (from tensorflow.python.framework.ops) is deprecated and will be removed in a future version.
Instructions for updating:
Colocations handled automatically by placer.
WARNING:tensorflow:From <ipython-input-10-d673ff042750>:25: LSTMCell.__init__ (from tensorflow.python.ops.rnn_cell_impl) is deprecated and will be removed in a future version.
Instructions for updating:
This class is equivalent as tf.keras.layers.LSTMCell, and will be replaced by that in Tensorflow 2.0.
WARNING:tensorflow:From <ipython-input-8-ff39f6e7cf00>:23: Normal.__init__ (from tensorflow.python.ops.distributions.normal) is deprecated and will be removed after 2019-01-01.
Instructions for updating:
The TensorFlow Distributions library has moved to TensorFlow Probability (https://github.com/tensorflow/probability). You should update all references to use `tfp.distributions` instead of `tf.distributions`.
WARNING:tensorflow:From C:\ProgramData\Anaconda3\envs\tensor-env\lib\site-packages\tensorflow\python\ops\distributions\normal.py:160: Distribution.__init__ (from tensorflow.python.ops.distributions.distribution) is deprecated and will be removed after 2019-01-01.
Instructions for updating:
The TensorFlow Distributions library has moved to TensorFlow Probability (https://github.com/tensorflow/probability). You should update all references to use `tfp.distributions` instead of `tf.distributions`.
WARNING:tensorflow:From C:\ProgramData\Anaconda3\envs\tensor-env\lib\site-packages\tensorflow\python\ops\math_ops.py:3066: to_int32 (from tensorflow.python.ops.math_ops) is deprecated and will be removed in a future version.
Instructions for updating:
Use tf.cast instead.
WARNING:tensorflow:From C:\ProgramData\Anaconda3\envs\tensor-env\lib\site-packages\tensorflow\python\util\tf_should_use.py:193: initialize_all_variables (from tensorflow.python.ops.variables) is deprecated and will be removed after 2017-03-02.
Instructions for updating:
Use `tf.global_variables_initializer` instead.
INFO:root:epoch 0: batch: 100/420
INFO:root:epoch 0: avg_accuracy: 0.1484375
INFO:root:epoch 0: lr = 0.001000
INFO:root:epoch 0: reward = 0.1383	loss = 2.4176	xent = 2.2904
INFO:root:llratio = -0.0047	baselines_mse = 0.1225
DEBUG:root:baselines = [[ 0.0806378   0.13057974  0.22613724 ...,  0.29648265  0.28570241
   0.27120709]
 [ 0.06322994  0.07142863  0.0719795  ...,  0.11616294  0.13146923
   0.12171328]
 [ 0.09335428  0.10403995  0.10392152 ...,  0.15731452  0.13087021
   0.14094211]
 ..., 
 [ 0.09739888  0.1212759   0.11240759 ...,  0.19457373  0.17357866
   0.19352381]
 [ 0.11822413  0.12292953  0.15639198 ...,  0.18408802  0.21695024
   0.20911391]
 [ 0.14076386  0.17376342  0.21157087 ...,  0.32093364  0.34104747
   0.36247328]]	rewards = [[ 1.  1.  1. ...,  1.  1.  1.]
 [ 0.  0.  0. ...,  0.  0.  0.]
 [ 0.  0.  0. ...,  0.  0.  0.]
 ..., 
 [ 0.  0.  0. ...,  0.  0.  0.]
 [ 0.  0.  0. ...,  0.  0.  0.]
 [ 1.  1.  1. ...,  1.  1.  1.]]
INFO:root:epoch 0: batch: 200/420
INFO:root:epoch 0: avg_accuracy: 0.140625
INFO:root:epoch 0: lr = 0.001000
INFO:root:epoch 0: reward = 0.1469	loss = 2.3703	xent = 2.2413
INFO:root:llratio = -0.0061	baselines_mse = 0.1229
DEBUG:root:baselines = [[ 0.10794117  0.12151073  0.13207759 ...,  0.1198851   0.12354116
   0.14042002]
 [ 0.13264412  0.13473704  0.12550525 ...,  0.16626041  0.17101671
   0.14532582]
 [ 0.12410232  0.13031562  0.12601638 ...,  0.1316907   0.12472266
   0.12245573]
 ..., 
 [ 0.08701338  0.09506755  0.10743006 ...,  0.10475934  0.0984876
   0.09218775]
 [ 0.12768973  0.12588264  0.15407969 ...,  0.14855596  0.19723062
   0.20071015]
 [ 0.09607171  0.09807429  0.10170911 ...,  0.09244654  0.08379397
   0.09124741]]	rewards = [[ 0.  0.  0. ...,  0.  0.  0.]
 [ 0.  0.  0. ...,  0.  0.  0.]
 [ 0.  0.  0. ...,  0.  0.  0.]
 ..., 
 [ 0.  0.  0. ...,  0.  0.  0.]
 [ 0.  0.  0. ...,  0.  0.  0.]
 [ 0.  0.  0. ...,  0.  0.  0.]]
INFO:root:epoch 0: batch: 300/420
INFO:root:epoch 0: avg_accuracy: 0.1328125
INFO:root:epoch 0: lr = 0.001000
INFO:root:epoch 0: reward = 0.1398	loss = 2.3883	xent = 2.2512
INFO:root:llratio = -0.0130	baselines_mse = 0.1241
DEBUG:root:baselines = [[ 0.18254033  0.1781916   0.17209278 ...,  0.17570055  0.16275504
   0.22379708]
 [ 0.14105782  0.16081393  0.16896434 ...,  0.16167277  0.15770543
   0.19192979]
 [ 0.14009258  0.17418939  0.21525264 ...,  0.22864738  0.23548338
   0.22025225]
 ..., 
 [ 0.12703061  0.12785244  0.13420749 ...,  0.14751717  0.15153     0.14149924]
 [ 0.14787167  0.14998406  0.14395744 ...,  0.13995022  0.13166824
   0.13057524]
 [ 0.16875741  0.16788822  0.15289482 ...,  0.12273599  0.12787244
   0.1220984 ]]	rewards = [[ 0.  0.  0. ...,  0.  0.  0.]
 [ 0.  0.  0. ...,  0.  0.  0.]
 [ 0.  0.  0. ...,  0.  0.  0.]
 ..., 
 [ 0.  0.  0. ...,  0.  0.  0.]
 [ 0.  0.  0. ...,  0.  0.  0.]
 [ 0.  0.  0. ...,  0.  0.  0.]]
INFO:root:epoch 0: batch: 400/420
INFO:root:epoch 0: avg_accuracy: 0.125
INFO:root:epoch 0: lr = 0.001000
INFO:root:epoch 0: reward = 0.1273	loss = 2.3235	xent = 2.2192
INFO:root:llratio = -0.0036	baselines_mse = 0.1007
DEBUG:root:baselines = [[ 0.14188647  0.14703611  0.15550771 ...,  0.08829982  0.12244581
   0.11038194]
 [ 0.1335509   0.14420027  0.14484346 ...,  0.07991487  0.07672957
   0.05941146]
 [ 0.12508763  0.13583374  0.15303794 ...,  0.1586412   0.14947739
   0.15050405]
 ..., 
 [ 0.15178913  0.14495988  0.13638043 ...,  0.05540195  0.0549721
   0.05249644]
 [ 0.1042902   0.11078744  0.11822771 ...,  0.04856798  0.05230552
   0.05116735]
 [ 0.1494879   0.14030531  0.14525807 ...,  0.13710502  0.13615376
   0.14577019]]	rewards = [[ 0.  0.  0. ...,  0.  0.  0.]
 [ 0.  0.  0. ...,  0.  0.  0.]
 [ 0.  0.  0. ...,  0.  0.  0.]
 ..., 
 [ 0.  0.  0. ...,  0.  0.  0.]
 [ 0.  0.  0. ...,  0.  0.  0.]
 [ 0.  0.  0. ...,  0.  0.  0.]]
INFO:root:epoch 0: valid_accuracy = 0.20414402173913043
INFO:root:time_per_epoch: 
INFO:root:epoch 1: batch: 100/420
INFO:root:epoch 1: avg_accuracy: 0.2578125
INFO:root:epoch 1: lr = 0.000970
INFO:root:epoch 1: reward = 0.2180	loss = 2.2232	xent = 2.0664
INFO:root:llratio = -0.0004	baselines_mse = 0.1563
DEBUG:root:baselines = [[ 0.14829367  0.16415226  0.15615031 ...,  0.19431838  0.19611061
   0.17806622]
 [ 0.14679882  0.18343025  0.18629321 ...,  0.21161665  0.20319103
   0.21199724]
 [ 0.13900158  0.14324917  0.1610045  ...,  0.50835496  0.45647603
   0.50126874]
 ..., 
 [ 0.26006609  0.25890282  0.25408024 ...,  0.19978935  0.18808645
   0.1787262 ]
 [ 0.22975609  0.27583656  0.26646918 ...,  0.35156634  0.36875683
   0.38808143]
 [ 0.15112153  0.16738744  0.17628211 ...,  0.19516182  0.18713942
   0.19201763]]	rewards = [[ 0.  0.  0. ...,  0.  0.  0.]
 [ 0.  0.  0. ...,  0.  0.  0.]
 [ 0.  0.  0. ...,  0.  0.  0.]
 ..., 
 [ 0.  0.  0. ...,  0.  0.  0.]
 [ 0.  0.  0. ...,  0.  0.  0.]
 [ 1.  1.  1. ...,  1.  1.  1.]]
INFO:root:epoch 1: batch: 200/420
INFO:root:epoch 1: avg_accuracy: 0.2421875
INFO:root:epoch 1: lr = 0.000970
INFO:root:epoch 1: reward = 0.2219	loss = 2.1815	xent = 2.0194
INFO:root:llratio = -0.0020	baselines_mse = 0.1601
DEBUG:root:baselines = [[ 0.17137396  0.20867346  0.23640409 ...,  0.24986544  0.25599912
   0.26431656]
 [ 0.163755    0.17311588  0.18849169 ...,  0.19509922  0.21716022
   0.19852412]
 [ 0.16244653  0.16830361  0.16673698 ...,  0.1878421   0.19332367
   0.19057965]
 ..., 
 [ 0.17497778  0.18916501  0.18841219 ...,  0.27303755  0.27877387
   0.30778706]
 [ 0.15929163  0.17124173  0.27881324 ...,  0.26021758  0.24582112
   0.23285392]
 [ 0.20405452  0.21546113  0.21191353 ...,  0.34084031  0.39682761
   0.39122656]]	rewards = [[ 0.  0.  0. ...,  0.  0.  0.]
 [ 0.  0.  0. ...,  0.  0.  0.]
 [ 0.  0.  0. ...,  0.  0.  0.]
 ..., 
 [ 0.  0.  0. ...,  0.  0.  0.]
 [ 0.  0.  0. ...,  0.  0.  0.]
 [ 1.  1.  1. ...,  1.  1.  1.]]
INFO:root:epoch 1: batch: 300/420
INFO:root:epoch 1: avg_accuracy: 0.2421875
INFO:root:epoch 1: lr = 0.000970
INFO:root:epoch 1: reward = 0.2164	loss = 2.1943	xent = 2.0222
INFO:root:llratio = -0.0065	baselines_mse = 0.1656
DEBUG:root:baselines = [[ 0.15038753  0.30382034  0.31379294 ...,  0.19900811  0.20479575
   0.2041204 ]
 [ 0.18536848  0.33554566  0.27419677 ...,  0.22759604  0.24917583
   0.25132102]
 [ 0.22429895  0.34883034  0.33447224 ...,  0.26014277  0.26567248
   0.26803946]
 ..., 
 [ 0.15884739  0.17509606  0.1763963  ...,  0.24984615  0.24607678
   0.26484859]
 [ 0.16146515  0.26517552  0.25223368 ...,  0.16125025  0.19357957
   0.16569397]
 [ 0.17491001  0.21073493  0.20987807 ...,  0.1802745   0.19059497
   0.15500933]]	rewards = [[ 0.  0.  0. ...,  0.  0.  0.]
 [ 0.  0.  0. ...,  0.  0.  0.]
 [ 0.  0.  0. ...,  0.  0.  0.]
 ..., 
 [ 0.  0.  0. ...,  0.  0.  0.]
 [ 0.  0.  0. ...,  0.  0.  0.]
 [ 0.  0.  0. ...,  0.  0.  0.]]
INFO:root:epoch 1: batch: 400/420
INFO:root:epoch 1: avg_accuracy: 0.3125
INFO:root:epoch 1: lr = 0.000970
INFO:root:epoch 1: reward = 0.2602	loss = 2.1808	xent = 1.9996
INFO:root:llratio = 0.0004	baselines_mse = 0.1816
DEBUG:root:baselines = [[ 0.20368418  0.21086016  0.20858166 ...,  0.20237008  0.34161022
   0.36186916]
 [ 0.24239469  0.2798447   0.31788346 ...,  0.32356429  0.36499906
   0.34270781]
 [ 0.20971413  0.2024186   0.22449006 ...,  0.1648725   0.15687391
   0.15629524]
 ..., 
 [ 0.20006528  0.20090678  0.19804332 ...,  0.14498773  0.14051513
   0.13776392]
 [ 0.25752306  0.25911322  0.29342905 ...,  0.32431388  0.32498667
   0.33678246]
 [ 0.36178017  0.33407634  0.33092353 ...,  0.5778141   0.57245159
   0.62025094]]	rewards = [[ 0.  0.  0. ...,  0.  0.  0.]
 [ 1.  1.  1. ...,  1.  1.  1.]
 [ 0.  0.  0. ...,  0.  0.  0.]
 ..., 
 [ 0.  0.  0. ...,  0.  0.  0.]
 [ 1.  1.  1. ...,  1.  1.  1.]
 [ 0.  0.  0. ...,  0.  0.  0.]]
INFO:root:epoch 1: valid_accuracy = 0.3462975543478261
INFO:root:time_per_epoch: 
INFO:root:epoch 2: batch: 100/420
INFO:root:epoch 2: avg_accuracy: 0.4140625
INFO:root:epoch 2: lr = 0.000941
INFO:root:epoch 2: reward = 0.3453	loss = 1.9672	xent = 1.7718
INFO:root:llratio = 0.0024	baselines_mse = 0.1978
DEBUG:root:baselines = [[ 0.24040052  0.24519919  0.23731825 ...,  0.55643553  0.54147905
   0.54786128]
 [ 0.31027955  0.35244402  0.38859141 ...,  0.41370618  0.43575245
   0.39541548]
 [ 0.23992097  0.24490173  0.2467061  ...,  0.24346834  0.26422852
   0.2454603 ]
 ..., 
 [ 0.2589584   0.42149144  0.36255011 ...,  0.27459151  0.2519359
   0.25460637]
 [ 0.19966239  0.20977296  0.21390535 ...,  0.24485835  0.30363193
   0.28558853]
 [ 0.69854289  0.72103876  0.71508235 ...,  0.74207938  0.75062877
   0.80875885]]	rewards = [[ 0.  0.  0. ...,  0.  0.  0.]
 [ 1.  1.  1. ...,  1.  1.  1.]
 [ 1.  1.  1. ...,  1.  1.  1.]
 ..., 
 [ 0.  0.  0. ...,  0.  0.  0.]
 [ 0.  0.  0. ...,  0.  0.  0.]
 [ 1.  1.  1. ...,  1.  1.  1.]]
INFO:root:epoch 2: batch: 200/420
INFO:root:epoch 2: avg_accuracy: 0.4453125
INFO:root:epoch 2: lr = 0.000941
INFO:root:epoch 2: reward = 0.3586	loss = 1.9660	xent = 1.7643
INFO:root:llratio = 0.0069	baselines_mse = 0.2086
DEBUG:root:baselines = [[ 0.27522916  0.25884029  0.25304109 ...,  0.2019912   0.19981889
   0.19710624]
 [ 0.20761341  0.21524514  0.21245536 ...,  0.29199055  0.29407683
   0.45067188]
 [ 0.2553398   0.26834482  0.24848431 ...,  0.18303922  0.17306985
   0.34549487]
 ..., 
 [ 0.26948211  0.26728082  0.29737329 ...,  0.34186372  0.3686358
   0.37787923]
 [ 0.26891488  0.27324882  0.26569757 ...,  0.26628435  0.26104081
   0.26067859]
 [ 0.24500574  0.32705075  0.32660151 ...,  0.4029249   0.39853248
   0.4111408 ]]	rewards = [[ 0.  0.  0. ...,  0.  0.  0.]
 [ 0.  0.  0. ...,  0.  0.  0.]
 [ 1.  1.  1. ...,  1.  1.  1.]
 ..., 
 [ 0.  0.  0. ...,  0.  0.  0.]
 [ 0.  0.  0. ...,  0.  0.  0.]
 [ 1.  1.  1. ...,  1.  1.  1.]]
INFO:root:epoch 2: batch: 300/420
INFO:root:epoch 2: avg_accuracy: 0.40625
INFO:root:epoch 2: lr = 0.000941
INFO:root:epoch 2: reward = 0.3406	loss = 2.0388	xent = 1.8310
INFO:root:llratio = -0.0056	baselines_mse = 0.2022
DEBUG:root:baselines = [[ 0.45308769  0.47611487  0.48487961 ...,  0.67370278  0.70365733
   0.72635788]
 [ 0.29302716  0.33033556  0.34176028 ...,  0.44376355  0.41495287
   0.44434941]
 [ 0.37960869  0.36549175  0.32797682 ...,  0.2790831   0.29801321
   0.32670122]
 ..., 
 [ 0.3083871   0.29400492  0.29369545 ...,  0.75809139  0.74897158
   0.74588215]
 [ 0.2617029   0.25674489  0.24869664 ...,  0.24718377  0.23302624
   0.23026541]
 [ 0.30425578  0.31698221  0.27299574 ...,  0.29359311  0.3302305
   0.27569988]]	rewards = [[ 0.  0.  0. ...,  0.  0.  0.]
 [ 0.  0.  0. ...,  0.  0.  0.]
 [ 0.  0.  0. ...,  0.  0.  0.]
 ..., 
 [ 1.  1.  1. ...,  1.  1.  1.]
 [ 0.  0.  0. ...,  0.  0.  0.]
 [ 0.  0.  0. ...,  0.  0.  0.]]
INFO:root:epoch 2: batch: 400/420
INFO:root:epoch 2: avg_accuracy: 0.4296875
INFO:root:epoch 2: lr = 0.000941
INFO:root:epoch 2: reward = 0.3445	loss = 2.0583	xent = 1.8461
INFO:root:llratio = -0.0072	baselines_mse = 0.2051
DEBUG:root:baselines = [[ 0.34692112  0.3758499   0.35018799 ...,  0.27219811  0.29375723
   0.27607059]
 [ 0.4966017   0.50320721  0.4968254  ...,  0.69074094  0.69090015
   0.78678769]
 [ 0.31280285  0.30202067  0.27931213 ...,  0.31582665  0.29134899
   0.29458928]
 ..., 
 [ 0.32872272  0.30246693  0.28322104 ...,  0.23527895  0.22386539
   0.27640933]
 [ 0.23339415  0.2423467   0.23516679 ...,  0.58476371  0.53064889
   0.53050625]
 [ 0.54179758  0.67061406  0.70317465 ...,  0.74305809  0.78187484
   0.79994386]]	rewards = [[ 0.  0.  0. ...,  0.  0.  0.]
 [ 1.  1.  1. ...,  1.  1.  1.]
 [ 0.  0.  0. ...,  0.  0.  0.]
 ..., 
 [ 0.  0.  0. ...,  0.  0.  0.]
 [ 0.  0.  0. ...,  0.  0.  0.]
 [ 0.  0.  0. ...,  0.  0.  0.]]
INFO:root:epoch 2: valid_accuracy = 0.5042459239130435
INFO:root:time_per_epoch: 
INFO:root:epoch 3: batch: 100/420
INFO:root:epoch 3: avg_accuracy: 0.5078125
INFO:root:epoch 3: lr = 0.000913
INFO:root:epoch 3: reward = 0.4234	loss = 1.8187	xent = 1.6162
INFO:root:llratio = 0.0037	baselines_mse = 0.2062
DEBUG:root:baselines = [[ 0.33567688  0.45369446  0.4049871  ...,  0.32034791  0.30246046
   0.48314786]
 [ 0.56604379  0.78057516  0.90470022 ...,  0.82151055  0.79697168
   0.84626168]
 [ 0.26511255  0.28551781  0.28217006 ...,  0.43316895  0.43506235
   0.43047276]
 ..., 
 [ 0.3547405   0.33783001  0.64744437 ...,  0.51925784  0.54060262
   0.52361602]
 [ 0.31331766  0.29933026  0.26777411 ...,  0.16344173  0.16290173
   0.15609643]
 [ 0.32222229  0.33899599  0.34707725 ...,  0.87344837  0.91530198
   0.93867743]]	rewards = [[ 1.  1.  1. ...,  1.  1.  1.]
 [ 1.  1.  1. ...,  1.  1.  1.]
 [ 0.  0.  0. ...,  0.  0.  0.]
 ..., 
 [ 0.  0.  0. ...,  0.  0.  0.]
 [ 0.  0.  0. ...,  0.  0.  0.]
 [ 1.  1.  1. ...,  1.  1.  1.]]
INFO:root:epoch 3: batch: 200/420
INFO:root:epoch 3: avg_accuracy: 0.5625
INFO:root:epoch 3: lr = 0.000913
INFO:root:epoch 3: reward = 0.4242	loss = 1.8097	xent = 1.6085
INFO:root:llratio = 0.0044	baselines_mse = 0.2057
DEBUG:root:baselines = [[ 0.33763087  0.33821923  0.31503257 ...,  0.25105229  0.23562405
   0.2318505 ]
 [ 0.39187303  0.33874691  0.31228101 ...,  0.1692113   0.15325871
   0.13589771]
 [ 0.30799559  0.3105385   0.31420055 ...,  0.18759495  0.23866603
   0.24040693]
 ..., 
 [ 0.47678775  0.4863416   0.51823634 ...,  0.53773165  0.58489454
   0.59579009]
 [ 0.35144794  0.33431119  0.31781605 ...,  0.23512252  0.232703
   0.22715116]
 [ 0.51244116  0.49558073  0.46929389 ...,  0.43991703  0.42496765
   0.40935907]]	rewards = [[ 0.  0.  0. ...,  0.  0.  0.]
 [ 0.  0.  0. ...,  0.  0.  0.]
 [ 1.  1.  1. ...,  1.  1.  1.]
 ..., 
 [ 0.  0.  0. ...,  0.  0.  0.]
 [ 1.  1.  1. ...,  1.  1.  1.]
 [ 0.  0.  0. ...,  0.  0.  0.]]
INFO:root:epoch 3: batch: 300/420
INFO:root:epoch 3: avg_accuracy: 0.5234375
INFO:root:epoch 3: lr = 0.000913
INFO:root:epoch 3: reward = 0.4039	loss = 1.8483	xent = 1.6400
INFO:root:llratio = -0.0036	baselines_mse = 0.2047
DEBUG:root:baselines = [[ 0.45228338  0.42667603  0.37128302 ...,  0.22965005  0.22162375
   0.22397102]
 [ 0.2929565   0.28890353  0.36886275 ...,  0.41875976  0.41626614
   0.33203962]
 [ 0.28296018  0.46422172  0.57929331 ...,  0.43371066  0.41086137
   0.41501689]
 ..., 
 [ 0.30070367  0.2910935   0.28304598 ...,  0.21135472  0.20159365
   0.18789269]
 [ 0.32271075  0.31290931  0.30325186 ...,  0.32107663  0.30242726
   0.29026693]
 [ 0.28228608  0.29654199  0.47954342 ...,  0.55226576  0.56668293
   0.59807712]]	rewards = [[ 0.  0.  0. ...,  0.  0.  0.]
 [ 1.  1.  1. ...,  1.  1.  1.]
 [ 1.  1.  1. ...,  1.  1.  1.]
 ..., 
 [ 0.  0.  0. ...,  0.  0.  0.]
 [ 1.  1.  1. ...,  1.  1.  1.]
 [ 0.  0.  0. ...,  0.  0.  0.]]
INFO:root:epoch 3: batch: 400/420
INFO:root:epoch 3: avg_accuracy: 0.5546875
INFO:root:epoch 3: lr = 0.000913
INFO:root:epoch 3: reward = 0.4141	loss = 1.8769	xent = 1.6692
INFO:root:llratio = -0.0028	baselines_mse = 0.2049
DEBUG:root:baselines = [[ 0.431265    0.47096384  0.47530565 ...,  0.50326568  0.50394565
   0.50362307]
 [ 0.39785439  0.36345953  0.5225966  ...,  0.57473361  0.58660966
   0.74458086]
 [ 0.39429808  0.33093157  0.28056604 ...,  0.54334974  0.4993951
   0.45153168]
 ..., 
 [ 0.46809089  0.49088895  0.49097025 ...,  0.48351839  0.44765252
   0.43286002]
 [ 0.35002527  0.35732913  0.33587593 ...,  0.60554135  0.59678221
   0.58993405]
 [ 0.334683    0.61151063  0.56738508 ...,  0.65702915  0.62429351
   0.61543357]]	rewards = [[ 0.  0.  0. ...,  0.  0.  0.]
 [ 1.  1.  1. ...,  1.  1.  1.]
 [ 1.  1.  1. ...,  1.  1.  1.]
 ..., 
 [ 0.  0.  0. ...,  0.  0.  0.]
 [ 1.  1.  1. ...,  1.  1.  1.]
 [ 1.  1.  1. ...,  1.  1.  1.]]
INFO:root:epoch 3: valid_accuracy = 0.5934103260869565
INFO:root:time_per_epoch: 
INFO:root:epoch 4: batch: 100/420
INFO:root:epoch 4: avg_accuracy: 0.625
INFO:root:epoch 4: lr = 0.000885
INFO:root:epoch 4: reward = 0.4586	loss = 1.7258	xent = 1.5277
INFO:root:llratio = -0.0013	baselines_mse = 0.1968
DEBUG:root:baselines = [[ 0.42359567  0.42538473  0.4273023  ...,  0.36802378  0.37571016
   0.36708957]
 [ 0.35606128  0.59967142  0.58947766 ...,  0.97498864  1.06569171
   1.01556706]
 [ 0.4207924   0.34225318  0.29204065 ...,  0.32191816  0.41757035
   0.38242251]
 ..., 
 [ 0.51948905  0.54370987  0.53245634 ...,  0.34831941  0.35660005
   0.34114969]
 [ 0.44897586  0.53427815  0.45525193 ...,  0.22618604  0.21890332
   0.21890883]
 [ 0.28893602  0.31436825  0.30882961 ...,  0.24685682  0.24002692
   0.24912946]]	rewards = [[ 0.  0.  0. ...,  0.  0.  0.]
 [ 1.  1.  1. ...,  1.  1.  1.]
 [ 1.  1.  1. ...,  1.  1.  1.]
 ..., 
 [ 1.  1.  1. ...,  1.  1.  1.]
 [ 0.  0.  0. ...,  0.  0.  0.]
 [ 1.  1.  1. ...,  1.  1.  1.]]
INFO:root:epoch 4: batch: 200/420
INFO:root:epoch 4: avg_accuracy: 0.609375
INFO:root:epoch 4: lr = 0.000885
INFO:root:epoch 4: reward = 0.4664	loss = 1.7190	xent = 1.5180
INFO:root:llratio = 0.0023	baselines_mse = 0.2033
DEBUG:root:baselines = [[ 0.35579959  0.34412569  0.3071636  ...,  0.18985738  0.15867838
   0.16048986]
 [ 0.3449713   0.36056536  0.34348953 ...,  0.47969979  0.44833711
   0.45718578]
 [ 0.47898519  0.43201646  0.4403832  ...,  0.16597719  0.1827715
   0.17243229]
 ..., 
 [ 0.60718143  0.7158187   0.7370705  ...,  0.55758297  0.54460818
   0.56023026]
 [ 0.30332708  0.31713179  0.46319044 ...,  0.27311122  0.34380746
   0.32494247]
 [ 0.31756356  0.31663346  0.61160916 ...,  0.54733163  0.52937746
   0.52057791]]	rewards = [[ 0.  0.  0. ...,  0.  0.  0.]
 [ 0.  0.  0. ...,  0.  0.  0.]
 [ 0.  0.  0. ...,  0.  0.  0.]
 ..., 
 [ 1.  1.  1. ...,  1.  1.  1.]
 [ 0.  0.  0. ...,  0.  0.  0.]
 [ 1.  1.  1. ...,  1.  1.  1.]]
INFO:root:epoch 4: batch: 300/420
INFO:root:epoch 4: avg_accuracy: 0.609375
INFO:root:epoch 4: lr = 0.000885
INFO:root:epoch 4: reward = 0.4258	loss = 1.7912	xent = 1.5874
INFO:root:llratio = -0.0016	baselines_mse = 0.2022
DEBUG:root:baselines = [[ 0.30342332  0.32002521  0.30428064 ...,  0.14354345  0.39136663
   0.37144595]
 [ 0.49660552  0.49019802  0.49796683 ...,  0.33694476  0.36236534
   0.33722761]
 [ 0.69828129  0.59880704  0.49703217 ...,  0.45946279  0.43838108
   0.5106495 ]
 ..., 
 [ 0.35760504  0.34830356  0.33054024 ...,  0.22326885  0.20018387
   0.19292578]
 [ 0.3012214   0.32600263  0.29945895 ...,  0.26996171  0.25205776
   0.23404385]
 [ 0.49879652  0.47981834  0.49799085 ...,  0.67116117  0.64175683
   0.63387901]]	rewards = [[ 0.  0.  0. ...,  0.  0.  0.]
 [ 0.  0.  0. ...,  0.  0.  0.]
 [ 0.  0.  0. ...,  0.  0.  0.]
 ..., 
 [ 0.  0.  0. ...,  0.  0.  0.]
 [ 0.  0.  0. ...,  0.  0.  0.]
 [ 0.  0.  0. ...,  0.  0.  0.]]
INFO:root:epoch 4: batch: 400/420
INFO:root:epoch 4: avg_accuracy: 0.625
INFO:root:epoch 4: lr = 0.000885
INFO:root:epoch 4: reward = 0.4609	loss = 1.7704	xent = 1.5679
INFO:root:llratio = 0.0014	baselines_mse = 0.2039
DEBUG:root:baselines = [[ 0.35729927  0.36553544  0.73216248 ...,  0.51838362  0.50698745
   0.49543831]
 [ 0.83665937  0.97922951  0.92462897 ...,  0.99589521  1.04554224
   1.04720902]
 [ 0.3344408   0.32281119  0.29323882 ...,  0.30319381  0.28881824
   0.27745947]
 ..., 
 [ 0.39192891  0.37602186  0.36029115 ...,  0.28460974  0.26238185
   0.26638111]
 [ 0.65112144  0.66894263  0.63139611 ...,  0.59977722  0.6086691
   0.62799478]
 [ 0.4181996   0.60385096  0.55382341 ...,  0.45753965  0.46798298
   0.47830361]]	rewards = [[ 1.  1.  1. ...,  1.  1.  1.]
 [ 1.  1.  1. ...,  1.  1.  1.]
 [ 0.  0.  0. ...,  0.  0.  0.]
 ..., 
 [ 0.  0.  0. ...,  0.  0.  0.]
 [ 1.  1.  1. ...,  1.  1.  1.]
 [ 1.  1.  1. ...,  1.  1.  1.]]
INFO:root:epoch 4: valid_accuracy = 0.6448709239130435
INFO:root:time_per_epoch: 
INFO:root:epoch 5: batch: 100/420
INFO:root:epoch 5: avg_accuracy: 0.6796875
INFO:root:epoch 5: lr = 0.000859
INFO:root:epoch 5: reward = 0.4906	loss = 1.6813	xent = 1.4810
INFO:root:llratio = 0.0063	baselines_mse = 0.2066
DEBUG:root:baselines = [[ 0.37537503  0.33709562  0.33121896 ...,  0.30894589  0.28925401
   0.26152751]
 [ 0.71605003  0.73822832  0.90080392 ...,  1.07561493  1.10504723
   1.05910265]
 [ 0.36275601  0.38551271  0.32544348 ...,  0.42645168  0.41460615
   0.47026569]
 ..., 
 [ 0.36339739  0.35540366  0.32384637 ...,  0.31672537  0.29636252
   0.35287869]
 [ 0.4300203   0.36985904  0.32938313 ...,  0.31314278  0.2920956
   0.27505624]
 [ 0.3064661   0.31581596  0.31068861 ...,  0.73086321  0.76114619
   0.72707033]]	rewards = [[ 1.  1.  1. ...,  1.  1.  1.]
 [ 1.  1.  1. ...,  1.  1.  1.]
 [ 0.  0.  0. ...,  0.  0.  0.]
 ..., 
 [ 1.  1.  1. ...,  1.  1.  1.]
 [ 0.  0.  0. ...,  0.  0.  0.]
 [ 1.  1.  1. ...,  1.  1.  1.]]
INFO:root:epoch 5: batch: 200/420
INFO:root:epoch 5: avg_accuracy: 0.671875
INFO:root:epoch 5: lr = 0.000859
INFO:root:epoch 5: reward = 0.5172	loss = 1.5854	xent = 1.3875
INFO:root:llratio = 0.0038	baselines_mse = 0.2018
DEBUG:root:baselines = [[ 0.31454974  0.35551906  0.34858966 ...,  0.33760351  0.34581122
   0.33633888]
 [ 0.3230823   0.30827299  0.29446316 ...,  0.57972497  0.58640605
   0.6290859 ]
 [ 0.36541569  0.34031394  0.39726999 ...,  0.25158465  0.21494488
   0.18910879]
 ..., 
 [ 0.38256675  0.34933427  0.32575518 ...,  0.57959485  0.54927999
   0.58933252]
 [ 0.37107098  0.37949318  0.35390264 ...,  0.251665    0.2489486
   0.24822529]
 [ 0.34316963  0.35558519  0.34835216 ...,  0.35310239  0.72662747
   0.74075055]]	rewards = [[ 0.  0.  0. ...,  0.  0.  0.]
 [ 1.  1.  1. ...,  1.  1.  1.]
 [ 0.  0.  0. ...,  0.  0.  0.]
 ..., 
 [ 1.  1.  1. ...,  1.  1.  1.]
 [ 0.  0.  0. ...,  0.  0.  0.]
 [ 1.  1.  1. ...,  1.  1.  1.]]
INFO:root:epoch 5: batch: 300/420
INFO:root:epoch 5: avg_accuracy: 0.625
INFO:root:epoch 5: lr = 0.000859
INFO:root:epoch 5: reward = 0.4742	loss = 1.7155	xent = 1.5131
INFO:root:llratio = 0.0024	baselines_mse = 0.2048
DEBUG:root:baselines = [[ 0.34636262  0.50321996  0.46183223 ...,  0.48738882  0.4811362
   0.48775449]
 [ 0.50117528  0.53885818  0.69371414 ...,  0.31265134  0.28276557
   0.26448452]
 [ 0.53595787  0.48789614  0.44804996 ...,  0.78756475  0.79127145
   0.77500141]
 ..., 
 [ 0.75532126  0.72891939  0.69000083 ...,  0.6103738   0.60458457
   0.59370852]
 [ 0.5336175   0.50082791  0.46576819 ...,  0.31615457  0.31551546
   0.33025897]
 [ 0.42695659  0.56535566  0.59937245 ...,  0.79302359  0.7728281
   0.78453958]]	rewards = [[ 1.  1.  1. ...,  1.  1.  1.]
 [ 1.  1.  1. ...,  1.  1.  1.]
 [ 1.  1.  1. ...,  1.  1.  1.]
 ..., 
 [ 1.  1.  1. ...,  1.  1.  1.]
 [ 1.  1.  1. ...,  1.  1.  1.]
 [ 1.  1.  1. ...,  1.  1.  1.]]
INFO:root:epoch 5: batch: 400/420
INFO:root:epoch 5: avg_accuracy: 0.6328125
INFO:root:epoch 5: lr = 0.000859
INFO:root:epoch 5: reward = 0.4859	loss = 1.7071	xent = 1.5095
INFO:root:llratio = 0.0022	baselines_mse = 0.1998
DEBUG:root:baselines = [[ 0.34275326  0.34856313  0.33874649 ...,  0.2022561   0.20109615
   0.1963623 ]
 [ 0.8588624   0.93855429  1.06623733 ...,  0.92410886  0.98196256
   0.98458993]
 [ 0.35882896  0.35679531  0.3492893  ...,  0.21033111  0.19638428
   0.19241907]
 ..., 
 [ 0.35867417  0.35213926  0.33572215 ...,  0.25287676  0.22778344
   0.21417233]
 [ 0.43353039  0.39613938  0.4072969  ...,  0.36941046  0.36478171
   0.34420353]
 [ 0.42733628  0.45382577  0.5785166  ...,  0.75724351  0.73421395
   0.69982576]]	rewards = [[ 0.  0.  0. ...,  0.  0.  0.]
 [ 1.  1.  1. ...,  1.  1.  1.]
 [ 0.  0.  0. ...,  0.  0.  0.]
 ..., 
 [ 0.  0.  0. ...,  0.  0.  0.]
 [ 1.  1.  1. ...,  1.  1.  1.]
 [ 1.  1.  1. ...,  1.  1.  1.]]
INFO:root:epoch 5: valid_accuracy = 0.6708559782608695
INFO:root:time_per_epoch: 
INFO:root:epoch 6: batch: 100/420
INFO:root:epoch 6: avg_accuracy: 0.7421875
INFO:root:epoch 6: lr = 0.000833
INFO:root:epoch 6: reward = 0.5328	loss = 1.5624	xent = 1.3684
INFO:root:llratio = 0.0101	baselines_mse = 0.2041
DEBUG:root:baselines = [[ 0.42148873  0.47098929  0.4561888  ...,  0.23108616  0.21040727
   0.14897396]
 [ 0.82250476  0.88944274  1.10409582 ...,  1.17161715  1.20644891
   1.19034207]
 [ 0.44461143  0.39980161  0.46184301 ...,  0.41676489  0.40077281
   0.39093673]
 ..., 
 [ 0.49767113  0.47369078  0.49651796 ...,  0.42980659  0.40387106
   0.41927111]
 [ 0.37309843  0.40535891  0.43782434 ...,  0.20045391  0.20241052
   0.2152447 ]
 [ 0.34793904  0.35205114  0.34439012 ...,  0.21334228  0.22695637
   0.21691161]]	rewards = [[ 0.  0.  0. ...,  0.  0.  0.]
 [ 1.  1.  1. ...,  1.  1.  1.]
 [ 0.  0.  0. ...,  0.  0.  0.]
 ..., 
 [ 1.  1.  1. ...,  1.  1.  1.]
 [ 0.  0.  0. ...,  0.  0.  0.]
 [ 1.  1.  1. ...,  1.  1.  1.]]
INFO:root:epoch 6: batch: 200/420
INFO:root:epoch 6: avg_accuracy: 0.6796875
INFO:root:epoch 6: lr = 0.000833
INFO:root:epoch 6: reward = 0.5281	loss = 1.5311	xent = 1.3390
INFO:root:llratio = 0.0021	baselines_mse = 0.1942
DEBUG:root:baselines = [[ 0.46450859  0.45967239  0.39369202 ...,  0.15106133  0.13217738
   0.20419145]
 [ 0.31722072  0.31434682  0.31431592 ...,  0.24972486  0.25242221
   0.51243556]
 [ 0.47696832  0.41045344  0.38838285 ...,  0.44734448  0.43552566
   0.46967566]
 ..., 
 [ 0.67838174  0.56369269  0.54873347 ...,  0.30595636  0.29854628
   0.56125498]
 [ 0.38872385  0.38527662  0.51937675 ...,  0.29850402  0.43819106
   0.40064651]
 [ 0.78026748  0.76207364  0.71771502 ...,  0.57510203  0.56935942
   0.56844318]]	rewards = [[ 0.  0.  0. ...,  0.  0.  0.]
 [ 1.  1.  1. ...,  1.  1.  1.]
 [ 1.  1.  1. ...,  1.  1.  1.]
 ..., 
 [ 1.  1.  1. ...,  1.  1.  1.]
 [ 0.  0.  0. ...,  0.  0.  0.]
 [ 1.  1.  1. ...,  1.  1.  1.]]
INFO:root:epoch 6: batch: 300/420
INFO:root:epoch 6: avg_accuracy: 0.6875
INFO:root:epoch 6: lr = 0.000833
INFO:root:epoch 6: reward = 0.4859	loss = 1.6436	xent = 1.4486
INFO:root:llratio = 0.0040	baselines_mse = 0.1990
DEBUG:root:baselines = [[ 0.38764554  0.37884319  0.37900907 ...,  0.40097684  0.38938096
   0.40788123]
 [ 0.35436833  0.69067252  0.58941692 ...,  0.49986365  0.45169181
   0.45990655]
 [ 0.43008354  0.60664868  0.57761919 ...,  0.3952724   0.41330484
   0.42372042]
 ..., 
 [ 0.39478087  0.39350945  0.37266552 ...,  0.22353002  0.20743583
   0.23448335]
 [ 0.35971871  0.35840815  0.34286332 ...,  0.27825844  0.26462856
   0.24681808]
 [ 0.50574481  0.53050029  0.46867132 ...,  1.06443715  1.05559659
   1.0701077 ]]	rewards = [[ 0.  0.  0. ...,  0.  0.  0.]
 [ 1.  1.  1. ...,  1.  1.  1.]
 [ 0.  0.  0. ...,  0.  0.  0.]
 ..., 
 [ 0.  0.  0. ...,  0.  0.  0.]
 [ 0.  0.  0. ...,  0.  0.  0.]
 [ 1.  1.  1. ...,  1.  1.  1.]]
INFO:root:epoch 6: batch: 400/420
INFO:root:epoch 6: avg_accuracy: 0.625
INFO:root:epoch 6: lr = 0.000833
INFO:root:epoch 6: reward = 0.4977	loss = 1.6647	xent = 1.4592
INFO:root:llratio = -0.0027	baselines_mse = 0.2028
DEBUG:root:baselines = [[ 0.41591126  0.39243448  0.44767475 ...,  0.70905668  0.66722095
   0.63033581]
 [ 0.57836342  0.5186981   0.73263502 ...,  0.88501906  0.88948071
   0.94517028]
 [ 0.55734587  0.57074189  0.59162164 ...,  0.38391334  0.37476212
   0.36550283]
 ..., 
 [ 0.35168421  0.35246041  0.33838111 ...,  0.25523034  0.23882508
   0.22671431]
 [ 0.34684804  0.38628274  0.34334192 ...,  0.13305481  0.11356253
   0.10665296]
 [ 0.61914372  0.68669486  0.66134155 ...,  0.80516362  0.77781022
   0.81652963]]	rewards = [[ 0.  0.  0. ...,  0.  0.  0.]
 [ 1.  1.  1. ...,  1.  1.  1.]
 [ 1.  1.  1. ...,  1.  1.  1.]
 ..., 
 [ 0.  0.  0. ...,  0.  0.  0.]
 [ 0.  0.  0. ...,  0.  0.  0.]
 [ 1.  1.  1. ...,  1.  1.  1.]]
INFO:root:epoch 6: valid_accuracy = 0.6925951086956522
INFO:root:time_per_epoch: 
INFO:root:epoch 7: batch: 100/420
INFO:root:epoch 7: avg_accuracy: 0.7265625
INFO:root:epoch 7: lr = 0.000808
INFO:root:epoch 7: reward = 0.5242	loss = 1.5674	xent = 1.3732
INFO:root:llratio = 0.0011	baselines_mse = 0.1952
DEBUG:root:baselines = [[ 0.41842157  0.47816449  0.45101947 ...,  0.65647268  0.6628083
   0.68533289]
 [ 0.70506114  0.91011137  0.99590069 ...,  0.98384279  0.99699205
   0.9784708 ]
 [ 0.35310829  0.43856311  0.41696295 ...,  0.33998638  0.32878599
   0.30636704]
 ..., 
 [ 0.74813956  0.76436853  0.70914781 ...,  0.53097522  0.53632462
   0.59201914]
 [ 0.44057089  0.43125984  0.4164142  ...,  0.250525    0.25206465
   0.2540139 ]
 [ 0.38597482  0.37539399  0.3895244  ...,  0.2374368   0.23432033
   0.66572624]]	rewards = [[ 0.  0.  0. ...,  0.  0.  0.]
 [ 1.  1.  1. ...,  1.  1.  1.]
 [ 0.  0.  0. ...,  0.  0.  0.]
 ..., 
 [ 1.  1.  1. ...,  1.  1.  1.]
 [ 0.  0.  0. ...,  0.  0.  0.]
 [ 1.  1.  1. ...,  1.  1.  1.]]
INFO:root:epoch 7: batch: 200/420
INFO:root:epoch 7: avg_accuracy: 0.7109375
INFO:root:epoch 7: lr = 0.000808
INFO:root:epoch 7: reward = 0.5375	loss = 1.5312	xent = 1.3380
INFO:root:llratio = 0.0029	baselines_mse = 0.1961
DEBUG:root:baselines = [[ 0.38647243  0.40760288  0.4184593  ...,  0.27326116  0.27906144
   0.27901784]
 [ 0.50234485  0.48423898  0.55411786 ...,  0.4720636   0.46838942
   0.45924273]
 [ 0.35548621  0.49849492  0.53368485 ...,  0.27778763  0.24466261
   0.27096829]
 ..., 
 [ 0.39869645  0.37383211  0.5326556  ...,  0.7738266   0.73295194
   0.76123452]
 [ 0.51705587  0.43578094  0.38813925 ...,  0.28567547  0.29679662
   0.27615508]
 [ 0.70649242  0.71603489  0.73138583 ...,  0.76901567  0.77888656
   0.78702557]]	rewards = [[ 0.  0.  0. ...,  0.  0.  0.]
 [ 1.  1.  1. ...,  1.  1.  1.]
 [ 0.  0.  0. ...,  0.  0.  0.]
 ..., 
 [ 1.  1.  1. ...,  1.  1.  1.]
 [ 1.  1.  1. ...,  1.  1.  1.]
 [ 1.  1.  1. ...,  1.  1.  1.]]
INFO:root:epoch 7: batch: 300/420
INFO:root:epoch 7: avg_accuracy: 0.65625
INFO:root:epoch 7: lr = 0.000808
INFO:root:epoch 7: reward = 0.5164	loss = 1.6150	xent = 1.4117
INFO:root:llratio = 0.0008	baselines_mse = 0.2041
DEBUG:root:baselines = [[ 0.34390628  0.37883615  0.39896864 ...,  0.69229227  0.69886613
   0.68246156]
 [ 0.77136016  0.67690378  0.73926449 ...,  0.54801762  0.49486572
   0.49567467]
 [ 0.6937421   0.65112627  0.60171896 ...,  0.48861831  0.50381142
   0.51745403]
 ..., 
 [ 0.35340959  0.36500305  0.37332985 ...,  0.22363436  0.20849593
   0.19438301]
 [ 0.43216795  0.37752071  0.35999036 ...,  0.47648093  0.48456728
   0.48887891]
 [ 0.78520781  0.89735138  0.98134106 ...,  0.94013935  0.95772725
   0.95913059]]	rewards = [[ 0.  0.  0. ...,  0.  0.  0.]
 [ 1.  1.  1. ...,  1.  1.  1.]
 [ 1.  1.  1. ...,  1.  1.  1.]
 ..., 
 [ 0.  0.  0. ...,  0.  0.  0.]
 [ 1.  1.  1. ...,  1.  1.  1.]
 [ 1.  1.  1. ...,  1.  1.  1.]]
INFO:root:epoch 7: batch: 400/420
INFO:root:epoch 7: avg_accuracy: 0.6796875
INFO:root:epoch 7: lr = 0.000808
INFO:root:epoch 7: reward = 0.5047	loss = 1.6365	xent = 1.4380
INFO:root:llratio = 0.0014	baselines_mse = 0.1999
DEBUG:root:baselines = [[ 0.51902169  0.4675445   0.44989526 ...,  0.70467144  0.81100726
   0.90347809]
 [ 0.81762892  0.85733122  0.90561402 ...,  0.958875    1.04549813
   1.08896661]
 [ 0.37649149  0.40501857  0.36053985 ...,  0.1760045   0.18512437
   0.14211889]
 ..., 
 [ 0.44336563  0.51183403  0.46847099 ...,  0.18979234  0.45214793
   0.46167016]
 [ 0.35580811  0.36425361  0.44506699 ...,  0.28000391  0.21855018
   0.19086067]
 [ 0.62080783  0.63263667  0.71269423 ...,  0.76111412  0.74716073
   0.7629056 ]]	rewards = [[ 0.  0.  0. ...,  0.  0.  0.]
 [ 1.  1.  1. ...,  1.  1.  1.]
 [ 0.  0.  0. ...,  0.  0.  0.]
 ..., 
 [ 0.  0.  0. ...,  0.  0.  0.]
 [ 0.  0.  0. ...,  0.  0.  0.]
 [ 1.  1.  1. ...,  1.  1.  1.]]
INFO:root:epoch 7: valid_accuracy = 0.7102581521739131
INFO:root:time_per_epoch: 
INFO:root:epoch 8: batch: 100/420
INFO:root:epoch 8: avg_accuracy: 0.7265625
INFO:root:epoch 8: lr = 0.000784
INFO:root:epoch 8: reward = 0.5445	loss = 1.5172	xent = 1.3279
INFO:root:llratio = 0.0034	baselines_mse = 0.1928
DEBUG:root:baselines = [[ 0.47971797  0.47852242  0.64698875 ...,  0.18906467  0.24447094
   0.27752343]
 [ 0.83884686  0.92244375  1.02122617 ...,  1.00326991  1.03197682
   1.00397027]
 [ 0.39909276  0.38712966  0.37112272 ...,  0.4988454   0.4802503
   0.48985153]
 ..., 
 [ 0.39661169  0.41747862  0.4034     ...,  0.50642061  0.45601076
   0.45691073]
 [ 0.35549212  0.5295366   0.54059118 ...,  0.26853836  0.28445065
   0.2366699 ]
 [ 0.48500258  0.42580688  0.75752664 ...,  0.62105888  0.5693897
   0.55291283]]	rewards = [[ 1.  1.  1. ...,  1.  1.  1.]
 [ 1.  1.  1. ...,  1.  1.  1.]
 [ 0.  0.  0. ...,  0.  0.  0.]
 ..., 
 [ 0.  0.  0. ...,  0.  0.  0.]
 [ 0.  0.  0. ...,  0.  0.  0.]
 [ 1.  1.  1. ...,  1.  1.  1.]]
INFO:root:epoch 8: batch: 200/420
INFO:root:epoch 8: avg_accuracy: 0.7265625
INFO:root:epoch 8: lr = 0.000784
INFO:root:epoch 8: reward = 0.5430	loss = 1.4804	xent = 1.2921
INFO:root:llratio = 0.0070	baselines_mse = 0.1953
DEBUG:root:baselines = [[ 0.3941361   0.35971424  0.37091738 ...,  0.17025912  0.15327159
   0.18685554]
 [ 0.43779504  0.55888402  0.52707547 ...,  0.42435926  0.41710305
   0.44457453]
 [ 0.38660735  0.37188184  0.36742625 ...,  0.32745999  0.28692585
   0.26355305]
 ..., 
 [ 0.40337735  0.43939549  0.5836935  ...,  0.54895282  0.51492506
   0.5540272 ]
 [ 0.42638975  0.39861566  0.5156976  ...,  0.28952882  0.26991799
   0.29557124]
 [ 0.92487526  0.84789366  0.82011372 ...,  0.82387531  0.89345241
   0.86803895]]	rewards = [[ 1.  1.  1. ...,  1.  1.  1.]
 [ 1.  1.  1. ...,  1.  1.  1.]
 [ 0.  0.  0. ...,  0.  0.  0.]
 ..., 
 [ 1.  1.  1. ...,  1.  1.  1.]
 [ 0.  0.  0. ...,  0.  0.  0.]
 [ 1.  1.  1. ...,  1.  1.  1.]]
INFO:root:epoch 8: batch: 300/420
INFO:root:epoch 8: avg_accuracy: 0.671875
INFO:root:epoch 8: lr = 0.000784
INFO:root:epoch 8: reward = 0.4961	loss = 1.6352	xent = 1.4332
INFO:root:llratio = -0.0026	baselines_mse = 0.1994
DEBUG:root:baselines = [[ 0.45178351  0.39267337  0.43995762 ...,  0.16845998  0.14342518
   0.29624227]
 [ 0.4571594   0.61919618  0.57250679 ...,  0.45027959  0.45874444
   0.57198131]
 [ 0.64813203  0.59055781  0.5450685  ...,  0.75822592  0.72105265
   0.65977502]
 ..., 
 [ 0.44687057  0.50058544  0.91238761 ...,  0.63527846  0.68223059
   0.67289585]
 [ 0.4570896   0.39351779  0.36948457 ...,  0.24524258  0.2128104
   0.20332138]
 [ 0.5235669   0.48216888  0.41205654 ...,  0.89760447  0.9425956
   0.92749882]]	rewards = [[ 0.  0.  0. ...,  0.  0.  0.]
 [ 1.  1.  1. ...,  1.  1.  1.]
 [ 1.  1.  1. ...,  1.  1.  1.]
 ..., 
 [ 0.  0.  0. ...,  0.  0.  0.]
 [ 0.  0.  0. ...,  0.  0.  0.]
 [ 1.  1.  1. ...,  1.  1.  1.]]
INFO:root:epoch 8: batch: 400/420
INFO:root:epoch 8: avg_accuracy: 0.6875
INFO:root:epoch 8: lr = 0.000784
INFO:root:epoch 8: reward = 0.5016	loss = 1.6508	xent = 1.4467
INFO:root:llratio = -0.0031	baselines_mse = 0.2009
DEBUG:root:baselines = [[ 0.42959851  0.41153979  0.41829139 ...,  0.29373115  0.28084227
   0.2766192 ]
 [ 0.74644488  0.73728895  0.87764299 ...,  1.02609229  1.03550637
   0.97617912]
 [ 0.50896037  0.4762384   0.44998547 ...,  0.13576362  0.11265232
   0.19265039]
 ..., 
 [ 0.48962134  0.44782305  0.38628596 ...,  0.41739359  0.42140174
   0.40516686]
 [ 0.37747699  0.62529612  0.60915232 ...,  0.9737078   1.01361704
   1.02327693]
 [ 0.41766366  0.64182806  0.66671091 ...,  0.70454466  0.69379604
   0.79246032]]	rewards = [[ 0.  0.  0. ...,  0.  0.  0.]
 [ 1.  1.  1. ...,  1.  1.  1.]
 [ 0.  0.  0. ...,  0.  0.  0.]
 ..., 
 [ 0.  0.  0. ...,  0.  0.  0.]
 [ 1.  1.  1. ...,  1.  1.  1.]
 [ 1.  1.  1. ...,  1.  1.  1.]]
INFO:root:epoch 8: valid_accuracy = 0.7192595108695652
INFO:root:time_per_epoch: 
INFO:root:epoch 9: batch: 100/420
INFO:root:epoch 9: avg_accuracy: 0.7265625
INFO:root:epoch 9: lr = 0.000760
INFO:root:epoch 9: reward = 0.5703	loss = 1.4674	xent = 1.2736
INFO:root:llratio = 0.0041	baselines_mse = 0.1978
DEBUG:root:baselines = [[ 0.4811579   0.50407231  0.50035286 ...,  0.21065198  0.19528961
   0.220534  ]
 [ 0.89251804  0.87345183  1.04070044 ...,  1.11369169  1.10131145
   1.05347681]
 [ 0.41412178  0.41875076  0.39277828 ...,  0.49598861  0.48929796
   0.48443884]
 ..., 
 [ 0.47467911  0.65562773  0.61672819 ...,  0.57148588  0.58896691
   0.62963641]
 [ 0.62116814  0.66828114  0.70140862 ...,  0.64114738  0.62459338
   0.64497912]
 [ 0.42403722  0.42477965  0.39875501 ...,  0.21999758  0.19447781
   0.20810169]]	rewards = [[ 1.  1.  1. ...,  1.  1.  1.]
 [ 1.  1.  1. ...,  1.  1.  1.]
 [ 0.  0.  0. ...,  0.  0.  0.]
 ..., 
 [ 1.  1.  1. ...,  1.  1.  1.]
 [ 1.  1.  1. ...,  1.  1.  1.]
 [ 1.  1.  1. ...,  1.  1.  1.]]
INFO:root:epoch 9: batch: 200/420
INFO:root:epoch 9: avg_accuracy: 0.75
INFO:root:epoch 9: lr = 0.000760
INFO:root:epoch 9: reward = 0.5602	loss = 1.4596	xent = 1.2667
INFO:root:llratio = 0.0018	baselines_mse = 0.1947
DEBUG:root:baselines = [[ 0.39761937  0.3788051   0.35714561 ...,  0.45353276  0.44535208
   0.44346881]
 [ 0.47580302  0.51760966  0.50565499 ...,  0.261132    0.27123243
   0.27045992]
 [ 0.57305998  0.81518894  0.9300369  ...,  0.96133894  1.00154281
   0.99094284]
 ..., 
 [ 0.51591301  0.47860783  0.43411443 ...,  0.75482601  0.81207848
   0.82371658]
 [ 0.33771786  0.34026936  0.36346239 ...,  0.24721812  0.23887718
   0.28190878]
 [ 0.83205813  0.80390668  0.80193621 ...,  0.96222633  0.90956151
   0.91797268]]	rewards = [[ 0.  0.  0. ...,  0.  0.  0.]
 [ 0.  0.  0. ...,  0.  0.  0.]
 [ 1.  1.  1. ...,  1.  1.  1.]
 ..., 
 [ 1.  1.  1. ...,  1.  1.  1.]
 [ 1.  1.  1. ...,  1.  1.  1.]
 [ 1.  1.  1. ...,  1.  1.  1.]]
INFO:root:epoch 9: batch: 300/420
INFO:root:epoch 9: avg_accuracy: 0.71875
INFO:root:epoch 9: lr = 0.000760
INFO:root:epoch 9: reward = 0.5414	loss = 1.5183	xent = 1.3226
INFO:root:llratio = 0.0027	baselines_mse = 0.1984
DEBUG:root:baselines = [[ 0.36201441  0.37205884  0.35161972 ...,  0.38854229  0.39348179
   0.4011237 ]
 [ 0.62357879  0.53295982  0.54934895 ...,  0.34130341  0.33922333
   0.31668752]
 [ 0.65577161  0.57037783  0.55274642 ...,  0.51950425  0.50581574
   0.53008091]
 ..., 
 [ 0.3925873   0.41366661  0.39125353 ...,  0.18231863  0.1754449
   0.1769871 ]
 [ 0.5285697   0.4729594   0.45615542 ...,  0.2681264   0.2524339
   0.23558021]
 [ 0.67819577  0.67116916  0.7475282  ...,  0.96835029  0.97773725
   0.9428857 ]]	rewards = [[ 0.  0.  0. ...,  0.  0.  0.]
 [ 0.  0.  0. ...,  0.  0.  0.]
 [ 1.  1.  1. ...,  1.  1.  1.]
 ..., 
 [ 0.  0.  0. ...,  0.  0.  0.]
 [ 1.  1.  1. ...,  1.  1.  1.]
 [ 1.  1.  1. ...,  1.  1.  1.]]
INFO:root:epoch 9: batch: 400/420
INFO:root:epoch 9: avg_accuracy: 0.71875
INFO:root:epoch 9: lr = 0.000760
INFO:root:epoch 9: reward = 0.5242	loss = 1.5795	xent = 1.3804
INFO:root:llratio = 0.0013	baselines_mse = 0.2004
DEBUG:root:baselines = [[ 0.46007675  0.45958367  0.43464604 ...,  0.40765005  0.3800917
   0.35307771]
 [ 0.93517333  1.03409386  1.0679847  ...,  1.0656364   1.02798533
   1.00623369]
 [ 0.49764806  0.47465676  0.41987658 ...,  0.18510178  0.15053172
   0.10292026]
 ..., 
 [ 0.43979636  0.40265155  0.45689398 ...,  0.20084798  0.18434814
   0.17670619]
 [ 0.39353955  0.38534701  0.36717263 ...,  0.23897795  0.22864735
   0.29061902]
 [ 0.53293478  0.43694961  0.39927518 ...,  0.71588361  0.75142574
   0.77919871]]	rewards = [[ 0.  0.  0. ...,  0.  0.  0.]
 [ 1.  1.  1. ...,  1.  1.  1.]
 [ 0.  0.  0. ...,  0.  0.  0.]
 ..., 
 [ 0.  0.  0. ...,  0.  0.  0.]
 [ 1.  1.  1. ...,  1.  1.  1.]
 [ 1.  1.  1. ...,  1.  1.  1.]]
INFO:root:epoch 9: valid_accuracy = 0.7172214673913043
INFO:root:time_per_epoch: 
INFO:root:Training_time = 1184.999882221222
INFO:root:test_accuracy = 0.7185496794871795
INFO:root:Model saved in file: model-100x100-15glimpse-12x12-4scales-128batch-10epochs.ckpt
INFO:root:total time = 1205.2482812404633
INFO:root:gpu = [name: "/device:CPU:0"
device_type: "CPU"
memory_limit: 268435456
locality {
}
incarnation: 4572821172858081057
, name: "/device:GPU:0"
device_type: "GPU"
memory_limit: 4945621811
locality {
  bus_id: 1
  links {
  }
}
incarnation: 3305087712942861557
physical_device_desc: "device: 0, name: GeForce GTX 1060 with Max-Q Design, pci bus id: 0000:01:00.0, compute capability: 6.1"
]
