WARNING:tensorflow:From C:\ProgramData\Anaconda3\envs\tensor-env\lib\site-packages\tensorflow\python\framework\op_def_library.py:263: colocate_with (from tensorflow.python.framework.ops) is deprecated and will be removed in a future version.
Instructions for updating:
Colocations handled automatically by placer.
WARNING:tensorflow:From <ipython-input-10-d673ff042750>:25: LSTMCell.__init__ (from tensorflow.python.ops.rnn_cell_impl) is deprecated and will be removed in a future version.
Instructions for updating:
This class is equivalent as tf.keras.layers.LSTMCell, and will be replaced by that in Tensorflow 2.0.
WARNING:tensorflow:From <ipython-input-8-ff39f6e7cf00>:23: Normal.__init__ (from tensorflow.python.ops.distributions.normal) is deprecated and will be removed after 2019-01-01.
Instructions for updating:
The TensorFlow Distributions library has moved to TensorFlow Probability (https://github.com/tensorflow/probability). You should update all references to use `tfp.distributions` instead of `tf.distributions`.
WARNING:tensorflow:From C:\ProgramData\Anaconda3\envs\tensor-env\lib\site-packages\tensorflow\python\ops\distributions\normal.py:160: Distribution.__init__ (from tensorflow.python.ops.distributions.distribution) is deprecated and will be removed after 2019-01-01.
Instructions for updating:
The TensorFlow Distributions library has moved to TensorFlow Probability (https://github.com/tensorflow/probability). You should update all references to use `tfp.distributions` instead of `tf.distributions`.
WARNING:tensorflow:From C:\ProgramData\Anaconda3\envs\tensor-env\lib\site-packages\tensorflow\python\ops\math_ops.py:3066: to_int32 (from tensorflow.python.ops.math_ops) is deprecated and will be removed in a future version.
Instructions for updating:
Use tf.cast instead.
WARNING:tensorflow:From C:\ProgramData\Anaconda3\envs\tensor-env\lib\site-packages\tensorflow\python\util\tf_should_use.py:193: initialize_all_variables (from tensorflow.python.ops.variables) is deprecated and will be removed after 2017-03-02.
Instructions for updating:
Use `tf.global_variables_initializer` instead.
INFO:root:epoch 0: batch: 100/420
INFO:root:epoch 0: avg_accuracy: 0.125
INFO:root:epoch 0: lr = 0.001000
INFO:root:epoch 0: reward = 0.1227	loss = 2.4043	xent = 2.2973
INFO:root:llratio = -0.0002	baselines_mse = 0.1068
DEBUG:root:baselines = [[ 0.09004796  0.15738298  0.15910506  0.16283518]
 [ 0.08044051  0.1147629   0.11243527  0.11287884]
 [ 0.14630505  0.1427602   0.14776032  0.14636101]
 ..., 
 [ 0.0544994   0.10642797  0.14534739  0.13209148]
 [ 0.1171212   0.13177699  0.17260085  0.16730724]
 [ 0.10713296  0.16480079  0.15608637  0.19457719]]	rewards = [[ 1.  1.  1.  1.]
 [ 0.  0.  0.  0.]
 [ 0.  0.  0.  0.]
 ..., 
 [ 0.  0.  0.  0.]
 [ 0.  0.  0.  0.]
 [ 1.  1.  1.  1.]]
INFO:root:epoch 0: batch: 200/420
INFO:root:epoch 0: avg_accuracy: 0.171875
INFO:root:epoch 0: lr = 0.001000
INFO:root:epoch 0: reward = 0.1617	loss = 2.3725	xent = 2.2337
INFO:root:llratio = -0.0039	baselines_mse = 0.1348
DEBUG:root:baselines = [[ 0.11421594  0.13198344  0.1236074   0.13958195]
 [ 0.13199434  0.12909865  0.11476503  0.10551362]
 [ 0.12219703  0.14954752  0.11680931  0.12049991]
 ..., 
 [ 0.1326479   0.12517194  0.11442139  0.11576043]
 [ 0.14837132  0.14373904  0.12274449  0.11017366]
 [ 0.13939376  0.12241463  0.11687328  0.14568518]]	rewards = [[ 0.  0.  0.  0.]
 [ 0.  0.  0.  0.]
 [ 1.  1.  1.  1.]
 ..., 
 [ 0.  0.  0.  0.]
 [ 0.  0.  0.  0.]
 [ 0.  0.  0.  0.]]
INFO:root:epoch 0: batch: 300/420
INFO:root:epoch 0: avg_accuracy: 0.15625
INFO:root:epoch 0: lr = 0.001000
INFO:root:epoch 0: reward = 0.1547	loss = 2.3810	xent = 2.2260
INFO:root:llratio = -0.0224	baselines_mse = 0.1326
DEBUG:root:baselines = [[ 0.18520127  0.16755328  0.19153206  0.19029525]
 [ 0.17497924  0.17899099  0.13168742  0.12661134]
 [ 0.23619485  0.23697971  0.31119686  0.42669946]
 ..., 
 [ 0.20455275  0.18168923  0.33863008  0.3504476 ]
 [ 0.19422455  0.16560197  0.15319371  0.14389177]
 [ 0.15836756  0.15215483  0.12372278  0.07922935]]	rewards = [[ 0.  0.  0.  0.]
 [ 0.  0.  0.  0.]
 [ 0.  0.  0.  0.]
 ..., 
 [ 0.  0.  0.  0.]
 [ 0.  0.  0.  0.]
 [ 0.  0.  0.  0.]]
INFO:root:epoch 0: batch: 400/420
INFO:root:epoch 0: avg_accuracy: 0.234375
INFO:root:epoch 0: lr = 0.001000
INFO:root:epoch 0: reward = 0.2125	loss = 2.3083	xent = 2.1627
INFO:root:llratio = 0.0132	baselines_mse = 0.1588
DEBUG:root:baselines = [[ 0.17948493  0.1065032   0.11904524  0.11452938]
 [ 0.14109784  0.24040833  0.30997193  0.34944475]
 [ 0.21956883  0.23942964  0.13667654  0.06862491]
 ..., 
 [ 0.14046316  0.16008918  0.11311956  0.06669816]
 [ 0.12937512  0.18594587  0.24677379  0.1895161 ]
 [ 0.13639864  0.1579711   0.13909985  0.07298268]]	rewards = [[ 0.  0.  0.  0.]
 [ 1.  1.  1.  1.]
 [ 0.  0.  0.  0.]
 ..., 
 [ 0.  0.  0.  0.]
 [ 1.  1.  1.  1.]
 [ 0.  0.  0.  0.]]
INFO:root:epoch 0: valid_accuracy = 0.20822010869565216
INFO:root:time_per_epoch: 
INFO:root:epoch 1: batch: 100/420
INFO:root:epoch 1: avg_accuracy: 0.21875
INFO:root:epoch 1: lr = 0.000970
INFO:root:epoch 1: reward = 0.2172	loss = 2.2541	xent = 2.0997
INFO:root:llratio = 0.0016	baselines_mse = 0.1560
DEBUG:root:baselines = [[ 0.32788318  0.26142782  0.3191402   0.34745079]
 [ 0.18357867  0.19947943  0.15255085  0.12157279]
 [ 0.2070787   0.22730468  0.22447982  0.12675357]
 ..., 
 [ 0.21637382  0.50026155  0.47205105  0.50361013]
 [ 0.26952937  0.23631561  0.25405872  0.1966297 ]
 [ 0.29754823  0.31831151  0.31080216  0.28904974]]	rewards = [[ 1.  1.  1.  1.]
 [ 0.  0.  0.  0.]
 [ 1.  1.  1.  1.]
 ..., 
 [ 0.  0.  0.  0.]
 [ 0.  0.  0.  0.]
 [ 1.  1.  1.  1.]]
INFO:root:epoch 1: batch: 200/420
INFO:root:epoch 1: avg_accuracy: 0.203125
INFO:root:epoch 1: lr = 0.000970
INFO:root:epoch 1: reward = 0.1742	loss = 2.2566	xent = 2.1007
INFO:root:llratio = -0.0158	baselines_mse = 0.1401
DEBUG:root:baselines = [[ 0.16693634  0.17924394  0.14776719  0.18082532]
 [ 0.14724603  0.12975638  0.1451596   0.22072107]
 [ 0.25298738  0.24513993  0.16434956  0.16368374]
 ..., 
 [ 0.15630859  0.14982626  0.14688882  0.09521264]
 [ 0.17448759  0.13522473  0.17047599  0.1791518 ]
 [ 0.19542873  0.17155541  0.13976967  0.20817748]]	rewards = [[ 1.  1.  1.  1.]
 [ 0.  0.  0.  0.]
 [ 0.  0.  0.  0.]
 ..., 
 [ 1.  1.  1.  1.]
 [ 0.  0.  0.  0.]
 [ 1.  1.  1.  1.]]
INFO:root:epoch 1: batch: 300/420
INFO:root:epoch 1: avg_accuracy: 0.1875
INFO:root:epoch 1: lr = 0.000970
INFO:root:epoch 1: reward = 0.2000	loss = 2.2966	xent = 2.1151
INFO:root:llratio = -0.0195	baselines_mse = 0.1620
DEBUG:root:baselines = [[ 0.51613945  0.54328167  0.28608727  0.32459906]
 [ 0.15128097  0.15033585  0.1390903   0.14517786]
 [ 0.27508408  0.36857736  0.35233575  0.38119179]
 ..., 
 [ 0.24931048  0.27076527  0.22106205  0.20107429]
 [ 0.42325717  0.27683225  0.45607916  0.46116227]
 [ 0.15261129  0.14626479  0.12814763  0.15218422]]	rewards = [[ 0.  0.  0.  0.]
 [ 0.  0.  0.  0.]
 [ 0.  0.  0.  0.]
 ..., 
 [ 0.  0.  0.  0.]
 [ 0.  0.  0.  0.]
 [ 0.  0.  0.  0.]]
INFO:root:epoch 1: batch: 400/420
INFO:root:epoch 1: avg_accuracy: 0.3125
INFO:root:epoch 1: lr = 0.000970
INFO:root:epoch 1: reward = 0.2484	loss = 2.2540	xent = 2.0750
INFO:root:llratio = -0.0050	baselines_mse = 0.1739
DEBUG:root:baselines = [[ 0.16489227  0.15341568  0.14610893  0.12922147]
 [ 0.18303993  0.41873562  0.42655158  0.35463142]
 [ 0.21265319  0.27070427  0.29593727  0.17020287]
 ..., 
 [ 0.19815496  0.18325308  0.24730688  0.1928208 ]
 [ 0.23452583  0.33573848  0.35218686  0.34526429]
 [ 0.19615975  0.16802767  0.16163369  0.25470504]]	rewards = [[ 0.  0.  0.  0.]
 [ 1.  1.  1.  1.]
 [ 0.  0.  0.  0.]
 ..., 
 [ 0.  0.  0.  0.]
 [ 1.  1.  1.  1.]
 [ 1.  1.  1.  1.]]
INFO:root:epoch 1: valid_accuracy = 0.27700407608695654
INFO:root:time_per_epoch: 
INFO:root:epoch 2: batch: 100/420
INFO:root:epoch 2: avg_accuracy: 0.3046875
INFO:root:epoch 2: lr = 0.000941
INFO:root:epoch 2: reward = 0.2594	loss = 2.1747	xent = 1.9907
INFO:root:llratio = -0.0020	baselines_mse = 0.1820
DEBUG:root:baselines = [[ 0.33420077  0.28691781  0.32693371  0.3440626 ]
 [ 0.19426736  0.27800027  0.28163245  0.29415455]
 [ 0.2803838   0.23364428  0.18904531  0.21464346]
 ..., 
 [ 0.30555522  0.20941909  0.19301061  0.28391737]
 [ 0.2319257   0.32740891  0.73610282  0.83367962]
 [ 0.23880312  0.27317238  0.18749839  0.15634599]]	rewards = [[ 1.  1.  1.  1.]
 [ 0.  0.  0.  0.]
 [ 0.  0.  0.  0.]
 ..., 
 [ 0.  0.  0.  0.]
 [ 0.  0.  0.  0.]
 [ 0.  0.  0.  0.]]
INFO:root:epoch 2: batch: 200/420
INFO:root:epoch 2: avg_accuracy: 0.296875
INFO:root:epoch 2: lr = 0.000941
INFO:root:epoch 2: reward = 0.2633	loss = 2.1716	xent = 1.9806
INFO:root:llratio = -0.0116	baselines_mse = 0.1793
DEBUG:root:baselines = [[ 0.19797572  0.18319996  0.28146747  0.26624984]
 [ 0.20719254  0.2347731   0.17663971  0.1792122 ]
 [ 0.20964384  0.19426718  0.19910619  0.15371269]
 ..., 
 [ 0.14659116  0.28778878  0.35377592  0.37272543]
 [ 0.23467618  0.19385386  0.1632375   0.14820775]
 [ 0.35722017  0.36240613  0.34045172  0.32993436]]	rewards = [[ 0.  0.  0.  0.]
 [ 0.  0.  0.  0.]
 [ 0.  0.  0.  0.]
 ..., 
 [ 0.  0.  0.  0.]
 [ 0.  0.  0.  0.]
 [ 0.  0.  0.  0.]]
INFO:root:epoch 2: batch: 300/420
INFO:root:epoch 2: avg_accuracy: 0.2421875
INFO:root:epoch 2: lr = 0.000941
INFO:root:epoch 2: reward = 0.2477	loss = 2.2047	xent = 2.0065
INFO:root:llratio = -0.0135	baselines_mse = 0.1848
DEBUG:root:baselines = [[ 0.26213151  0.32811168  0.31344235  0.19707839]
 [ 0.31872618  0.33169064  0.21134521  0.21315596]
 [ 0.32711142  0.39280012  0.38748688  0.33591869]
 ..., 
 [ 0.18737914  0.22176614  0.22398019  0.20456329]
 [ 0.29670757  0.29834762  0.25207895  0.20573619]
 [ 0.20832545  0.15801333  0.14679551  0.12772436]]	rewards = [[ 0.  0.  0.  0.]
 [ 0.  0.  0.  0.]
 [ 0.  0.  0.  0.]
 ..., 
 [ 0.  0.  0.  0.]
 [ 0.  0.  0.  0.]
 [ 0.  0.  0.  0.]]
INFO:root:epoch 2: batch: 400/420
INFO:root:epoch 2: avg_accuracy: 0.375
INFO:root:epoch 2: lr = 0.000941
INFO:root:epoch 2: reward = 0.3008	loss = 2.1498	xent = 1.9531
INFO:root:llratio = -0.0007	baselines_mse = 0.1960
DEBUG:root:baselines = [[ 0.36662263  0.31917056  0.34854972  0.3433634 ]
 [ 0.52016389  0.4704614   0.47735706  0.46166861]
 [ 0.28497437  0.24350259  0.20090149  0.17042941]
 ..., 
 [ 0.19146243  0.18877888  0.1372178   0.10673492]
 [ 0.24442902  0.34493351  0.38704175  0.37202328]
 [ 0.24700996  0.21751177  0.46461588  0.47469494]]	rewards = [[ 1.  1.  1.  1.]
 [ 1.  1.  1.  1.]
 [ 0.  0.  0.  0.]
 ..., 
 [ 0.  0.  0.  0.]
 [ 1.  1.  1.  1.]
 [ 0.  0.  0.  0.]]
INFO:root:epoch 2: valid_accuracy = 0.38620923913043476
INFO:root:time_per_epoch: 
INFO:root:epoch 3: batch: 100/420
INFO:root:epoch 3: avg_accuracy: 0.421875
INFO:root:epoch 3: lr = 0.000913
INFO:root:epoch 3: reward = 0.3289	loss = 2.0270	xent = 1.8275
INFO:root:llratio = 0.0004	baselines_mse = 0.1998
DEBUG:root:baselines = [[ 0.37995979  0.36677143  0.32349238  0.51184011]
 [ 0.39384335  0.50604475  0.58093166  0.75610054]
 [ 0.26995605  0.30775738  0.24398553  0.20680428]
 ..., 
 [ 0.52460265  0.50330234  0.63367033  0.41535196]
 [ 0.42380956  0.37678266  0.30132878  0.23726904]
 [ 0.26082221  0.2240787   0.16905475  0.1350659 ]]	rewards = [[ 1.  1.  1.  1.]
 [ 1.  1.  1.  1.]
 [ 0.  0.  0.  0.]
 ..., 
 [ 0.  0.  0.  0.]
 [ 0.  0.  0.  0.]
 [ 0.  0.  0.  0.]]
INFO:root:epoch 3: batch: 200/420
INFO:root:epoch 3: avg_accuracy: 0.421875
INFO:root:epoch 3: lr = 0.000913
INFO:root:epoch 3: reward = 0.3391	loss = 2.0000	xent = 1.8029
INFO:root:llratio = 0.0083	baselines_mse = 0.2054
DEBUG:root:baselines = [[ 0.28321314  0.21184069  0.19902563  0.29651493]
 [ 0.23543242  0.20682794  0.20856136  0.17614141]
 [ 0.21577361  0.21192724  0.23150674  0.22699386]
 ..., 
 [ 0.26294982  0.30583841  0.51393425  0.67951941]
 [ 0.36584961  0.38529235  0.42325139  0.3860203 ]
 [ 0.46020114  0.53393888  0.59837705  0.63480294]]	rewards = [[ 1.  1.  1.  1.]
 [ 0.  0.  0.  0.]
 [ 0.  0.  0.  0.]
 ..., 
 [ 0.  0.  0.  0.]
 [ 0.  0.  0.  0.]
 [ 1.  1.  1.  1.]]
INFO:root:epoch 3: batch: 300/420
INFO:root:epoch 3: avg_accuracy: 0.4296875
INFO:root:epoch 3: lr = 0.000913
INFO:root:epoch 3: reward = 0.3313	loss = 2.0671	xent = 1.8529
INFO:root:llratio = -0.0005	baselines_mse = 0.2137
DEBUG:root:baselines = [[ 0.27214333  0.37203667  0.45414668  0.46510419]
 [ 0.18440114  0.1797443   0.19894829  0.14855793]
 [ 0.43056294  0.5176816   0.34227097  0.2956467 ]
 ..., 
 [ 0.57963717  0.61958742  0.64298743  0.73398012]
 [ 0.51375705  0.25528446  0.14346786  0.10302511]
 [ 0.44558901  0.31792808  0.2503776   0.22279757]]	rewards = [[ 0.  0.  0.  0.]
 [ 0.  0.  0.  0.]
 [ 0.  0.  0.  0.]
 ..., 
 [ 1.  1.  1.  1.]
 [ 0.  0.  0.  0.]
 [ 1.  1.  1.  1.]]
INFO:root:epoch 3: batch: 400/420
INFO:root:epoch 3: avg_accuracy: 0.4296875
INFO:root:epoch 3: lr = 0.000913
INFO:root:epoch 3: reward = 0.3234	loss = 2.0857	xent = 1.8789
INFO:root:llratio = -0.0098	baselines_mse = 0.1971
DEBUG:root:baselines = [[ 0.28953439  0.21289156  0.16877851  0.15893519]
 [ 0.40095812  0.48964894  0.50648928  0.64365685]
 [ 0.34282413  0.19984093  0.27726874  0.35289562]
 ..., 
 [ 0.44093966  0.49986053  0.53481621  0.43141806]
 [ 0.20388988  0.42965496  0.45603013  0.40786886]
 [ 0.66254377  0.69300842  0.7275179   0.79197675]]	rewards = [[ 1.  1.  1.  1.]
 [ 1.  1.  1.  1.]
 [ 0.  0.  0.  0.]
 ..., 
 [ 1.  1.  1.  1.]
 [ 1.  1.  1.  1.]
 [ 0.  0.  0.  0.]]
INFO:root:epoch 3: valid_accuracy = 0.4679008152173913
INFO:root:time_per_epoch: 
INFO:root:epoch 4: batch: 100/420
INFO:root:epoch 4: avg_accuracy: 0.53125
INFO:root:epoch 4: lr = 0.000885
INFO:root:epoch 4: reward = 0.3898	loss = 1.9333	xent = 1.7002
INFO:root:llratio = -0.0126	baselines_mse = 0.2205
DEBUG:root:baselines = [[ 0.87446171  0.86914349  0.86160344  0.64917248]
 [ 0.57555759  0.80548298  0.86457068  0.91590464]
 [ 0.2816264   0.21614271  0.31484666  0.27043921]
 ..., 
 [ 0.42448956  0.4048813   0.56283873  0.53873992]
 [ 0.43310565  0.4498803   0.28973871  0.27683383]
 [ 0.32243168  0.3105191   0.25211889  0.16523284]]	rewards = [[ 1.  1.  1.  1.]
 [ 1.  1.  1.  1.]
 [ 1.  1.  1.  1.]
 ..., 
 [ 0.  0.  0.  0.]
 [ 0.  0.  0.  0.]
 [ 0.  0.  0.  0.]]
INFO:root:epoch 4: batch: 200/420
INFO:root:epoch 4: avg_accuracy: 0.46875
INFO:root:epoch 4: lr = 0.000885
INFO:root:epoch 4: reward = 0.3781	loss = 1.9570	xent = 1.7547
INFO:root:llratio = 0.0080	baselines_mse = 0.2103
DEBUG:root:baselines = [[ 0.32896915  0.32265937  0.28226605  0.25904587]
 [ 0.39894471  0.3778767   0.33185065  0.35004044]
 [ 0.30023533  0.2503013   0.19799538  0.23087472]
 ..., 
 [ 0.6911068   0.7246958   0.71652675  0.71043646]
 [ 0.30104589  0.23422666  0.25398773  0.18522699]
 [ 0.37760872  0.38491341  0.35701749  0.36700201]]	rewards = [[ 0.  0.  0.  0.]
 [ 0.  0.  0.  0.]
 [ 0.  0.  0.  0.]
 ..., 
 [ 0.  0.  0.  0.]
 [ 1.  1.  1.  1.]
 [ 1.  1.  1.  1.]]
INFO:root:epoch 4: batch: 300/420
INFO:root:epoch 4: avg_accuracy: 0.4765625
INFO:root:epoch 4: lr = 0.000885
INFO:root:epoch 4: reward = 0.3539	loss = 2.0181	xent = 1.8131
INFO:root:llratio = -0.0028	baselines_mse = 0.2022
DEBUG:root:baselines = [[ 0.23069721  0.20336965  0.32980645  0.21500194]
 [ 0.23364042  0.17561133  0.1711725   0.22861418]
 [ 0.5395177   0.35424519  0.28358102  0.32414865]
 ..., 
 [ 0.3513782   0.46990001  0.47711354  0.48032707]
 [ 0.30895621  0.23334295  0.20293871  0.18429375]
 [ 0.27859002  0.20962021  0.17679772  0.18976068]]	rewards = [[ 0.  0.  0.  0.]
 [ 0.  0.  0.  0.]
 [ 0.  0.  0.  0.]
 ..., 
 [ 1.  1.  1.  1.]
 [ 0.  0.  0.  0.]
 [ 0.  0.  0.  0.]]
INFO:root:epoch 4: batch: 400/420
INFO:root:epoch 4: avg_accuracy: 0.4375
INFO:root:epoch 4: lr = 0.000885
INFO:root:epoch 4: reward = 0.3453	loss = 2.0148	xent = 1.8097
INFO:root:llratio = -0.0087	baselines_mse = 0.1964
DEBUG:root:baselines = [[ 0.32696331  0.39836225  0.23598914  0.19701883]
 [ 0.40547791  0.50461406  0.54077411  0.50456536]
 [ 0.29271847  0.26988894  0.28381562  0.28108928]
 ..., 
 [ 0.51884669  0.4171901   0.27065584  0.21983722]
 [ 0.3726514   0.38786522  0.41135004  0.4150725 ]
 [ 0.32394597  0.36416003  0.31120229  0.59860742]]	rewards = [[ 0.  0.  0.  0.]
 [ 1.  1.  1.  1.]
 [ 0.  0.  0.  0.]
 ..., 
 [ 1.  1.  1.  1.]
 [ 1.  1.  1.  1.]
 [ 1.  1.  1.  1.]]
INFO:root:epoch 4: valid_accuracy = 0.5183423913043478
INFO:root:time_per_epoch: 
INFO:root:epoch 5: batch: 100/420
INFO:root:epoch 5: avg_accuracy: 0.5390625
INFO:root:epoch 5: lr = 0.000859
INFO:root:epoch 5: reward = 0.3938	loss = 1.8775	xent = 1.6546
INFO:root:llratio = -0.0091	baselines_mse = 0.2138
DEBUG:root:baselines = [[ 0.48180929  0.41412774  0.53138793  0.53599513]
 [ 0.61846161  0.6703012   0.80171525  0.91048181]
 [ 0.48596278  0.50503093  0.40629819  0.36655447]
 ..., 
 [ 0.42654973  0.38709775  0.36524951  0.36486194]
 [ 0.46809506  0.63749254  0.6341157   0.57264256]
 [ 0.37045708  0.7143383   0.81289244  0.78486741]]	rewards = [[ 1.  1.  1.  1.]
 [ 1.  1.  1.  1.]
 [ 0.  0.  0.  0.]
 ..., 
 [ 0.  0.  0.  0.]
 [ 0.  0.  0.  0.]
 [ 1.  1.  1.  1.]]
INFO:root:epoch 5: batch: 200/420
INFO:root:epoch 5: avg_accuracy: 0.6015625
INFO:root:epoch 5: lr = 0.000859
INFO:root:epoch 5: reward = 0.4352	loss = 1.8451	xent = 1.6334
INFO:root:llratio = -0.0006	baselines_mse = 0.2111
DEBUG:root:baselines = [[ 0.36405569  0.30296442  0.36284441  0.39004111]
 [ 0.37617758  0.47305137  0.45478243  0.43432313]
 [ 0.41296595  0.33232915  0.24544391  0.23626007]
 ..., 
 [ 0.54267329  0.44237953  0.54970837  0.52953404]
 [ 0.32498097  0.32409534  0.29783207  0.26302603]
 [ 0.46948028  0.53662682  0.55503953  0.53379387]]	rewards = [[ 0.  0.  0.  0.]
 [ 1.  1.  1.  1.]
 [ 1.  1.  1.  1.]
 ..., 
 [ 1.  1.  1.  1.]
 [ 1.  1.  1.  1.]
 [ 1.  1.  1.  1.]]
INFO:root:epoch 5: batch: 300/420
INFO:root:epoch 5: avg_accuracy: 0.5
INFO:root:epoch 5: lr = 0.000859
INFO:root:epoch 5: reward = 0.3719	loss = 1.9897	xent = 1.7786
INFO:root:llratio = -0.0027	baselines_mse = 0.2085
DEBUG:root:baselines = [[ 0.3155576   0.29896271  0.19939175  0.18865637]
 [ 0.36178529  0.37658295  0.32192057  0.35931894]
 [ 0.41095906  0.45981142  0.54610956  0.55977774]
 ..., 
 [ 0.59305054  0.54693782  0.64196116  0.59448397]
 [ 0.37535053  0.26395601  0.18192163  0.32519513]
 [ 0.39889479  0.48290956  0.29308304  0.23524889]]	rewards = [[ 0.  0.  0.  0.]
 [ 1.  1.  1.  1.]
 [ 0.  0.  0.  0.]
 ..., 
 [ 1.  1.  1.  1.]
 [ 0.  0.  0.  0.]
 [ 0.  0.  0.  0.]]
INFO:root:epoch 5: batch: 400/420
INFO:root:epoch 5: avg_accuracy: 0.4921875
INFO:root:epoch 5: lr = 0.000859
INFO:root:epoch 5: reward = 0.3750	loss = 1.9599	xent = 1.7564
INFO:root:llratio = -0.0020	baselines_mse = 0.2016
DEBUG:root:baselines = [[ 0.4598037   0.32707483  0.26542094  0.2182256 ]
 [ 0.64524281  0.58248127  0.54635966  0.88562357]
 [ 0.29586342  0.24338123  0.20484632  0.18391174]
 ..., 
 [ 0.56693596  0.52422947  0.4458819   0.3451764 ]
 [ 0.26212007  0.43721461  0.41041636  0.35001731]
 [ 0.62053299  0.66504252  0.65414327  0.69205195]]	rewards = [[ 1.  1.  1.  1.]
 [ 1.  1.  1.  1.]
 [ 0.  0.  0.  0.]
 ..., 
 [ 1.  1.  1.  1.]
 [ 1.  1.  1.  1.]
 [ 1.  1.  1.  1.]]
INFO:root:epoch 5: valid_accuracy = 0.5555366847826086
INFO:root:time_per_epoch: 
INFO:root:epoch 6: batch: 100/420
INFO:root:epoch 6: avg_accuracy: 0.546875
INFO:root:epoch 6: lr = 0.000833
INFO:root:epoch 6: reward = 0.4242	loss = 1.8259	xent = 1.6120
INFO:root:llratio = 0.0022	baselines_mse = 0.2161
DEBUG:root:baselines = [[ 0.68820506  0.63706183  0.57640076  0.53144425]
 [ 0.59582341  0.87155807  0.9831633   0.99107951]
 [ 0.24867555  0.39098871  0.53355408  0.49647504]
 ..., 
 [ 0.52805984  0.45696712  0.54245937  0.53461134]
 [ 0.36351973  0.33194023  0.2236013   0.1433817 ]
 [ 0.35241029  0.19895883  0.14946692  0.13750634]]	rewards = [[ 0.  0.  0.  0.]
 [ 1.  1.  1.  1.]
 [ 0.  0.  0.  0.]
 ..., 
 [ 0.  0.  0.  0.]
 [ 0.  0.  0.  0.]
 [ 0.  0.  0.  0.]]
INFO:root:epoch 6: batch: 200/420
INFO:root:epoch 6: avg_accuracy: 0.546875
INFO:root:epoch 6: lr = 0.000833
INFO:root:epoch 6: reward = 0.4313	loss = 1.8271	xent = 1.6139
INFO:root:llratio = -0.0013	baselines_mse = 0.2120
DEBUG:root:baselines = [[ 0.31590647  0.33339742  0.27614462  0.28902948]
 [ 0.48203036  0.55101728  0.44252855  0.47467807]
 [ 0.6430335   0.67621869  0.66086555  0.60305762]
 ..., 
 [ 0.31093681  0.2684207   0.210986    0.31438994]
 [ 0.30275589  0.32842869  0.34194738  0.22917287]
 [ 0.33474565  0.54984653  0.63542402  0.62824345]]	rewards = [[ 0.  0.  0.  0.]
 [ 0.  0.  0.  0.]
 [ 1.  1.  1.  1.]
 ..., 
 [ 1.  1.  1.  1.]
 [ 0.  0.  0.  0.]
 [ 1.  1.  1.  1.]]
INFO:root:epoch 6: batch: 300/420
INFO:root:epoch 6: avg_accuracy: 0.5390625
INFO:root:epoch 6: lr = 0.000833
INFO:root:epoch 6: reward = 0.3891	loss = 1.8858	xent = 1.6764
INFO:root:llratio = -0.0066	baselines_mse = 0.2029
DEBUG:root:baselines = [[ 0.32470152  0.38625261  0.32551074  0.34086978]
 [ 0.51178813  0.54554844  0.50481057  0.35144031]
 [ 0.52144873  0.47765207  0.59337938  0.43306082]
 ..., 
 [ 0.38127214  0.44013339  0.41527849  0.44686371]
 [ 0.26354551  0.27300858  0.27114603  0.31631136]
 [ 0.27623084  0.24419734  0.22952485  0.24589869]]	rewards = [[ 0.  0.  0.  0.]
 [ 1.  1.  1.  1.]
 [ 0.  0.  0.  0.]
 ..., 
 [ 0.  0.  0.  0.]
 [ 0.  0.  0.  0.]
 [ 1.  1.  1.  1.]]
INFO:root:epoch 6: batch: 400/420
INFO:root:epoch 6: avg_accuracy: 0.5546875
INFO:root:epoch 6: lr = 0.000833
INFO:root:epoch 6: reward = 0.3961	loss = 1.9138	xent = 1.7068
INFO:root:llratio = -0.0024	baselines_mse = 0.2046
DEBUG:root:baselines = [[ 0.31528932  0.29021919  0.24885117  0.19884512]
 [ 0.48586589  0.46075088  0.53689283  0.57627594]
 [ 0.3642509   0.41512856  0.45375308  0.32555357]
 ..., 
 [ 0.38572323  0.58066714  0.62487936  0.54789013]
 [ 0.5848434   0.60420859  0.59114039  0.69423282]
 [ 0.53559232  0.5434463   0.54284573  0.54489762]]	rewards = [[ 0.  0.  0.  0.]
 [ 1.  1.  1.  1.]
 [ 1.  1.  1.  1.]
 ..., 
 [ 0.  0.  0.  0.]
 [ 1.  1.  1.  1.]
 [ 1.  1.  1.  1.]]
INFO:root:epoch 6: valid_accuracy = 0.5706521739130435
INFO:root:time_per_epoch: 
INFO:root:epoch 7: batch: 100/420
INFO:root:epoch 7: avg_accuracy: 0.6171875
INFO:root:epoch 7: lr = 0.000808
INFO:root:epoch 7: reward = 0.4477	loss = 1.7468	xent = 1.5288
INFO:root:llratio = -0.0024	baselines_mse = 0.2157
DEBUG:root:baselines = [[ 0.32089245  0.50530404  0.5820266   0.50318104]
 [ 0.81182402  1.02557254  1.13390958  1.22002399]
 [ 0.42515701  0.32894948  0.23864123  0.4179793 ]
 ..., 
 [ 0.59902632  0.54498422  0.59621203  0.53863525]
 [ 0.36018443  0.30677304  0.25730443  0.19429244]
 [ 0.37399572  0.32630444  0.34724003  0.35228831]]	rewards = [[ 1.  1.  1.  1.]
 [ 1.  1.  1.  1.]
 [ 0.  0.  0.  0.]
 ..., 
 [ 1.  1.  1.  1.]
 [ 0.  0.  0.  0.]
 [ 1.  1.  1.  1.]]
INFO:root:epoch 7: batch: 200/420
INFO:root:epoch 7: avg_accuracy: 0.59375
INFO:root:epoch 7: lr = 0.000808
INFO:root:epoch 7: reward = 0.4430	loss = 1.7741	xent = 1.5662
INFO:root:llratio = 0.0075	baselines_mse = 0.2154
DEBUG:root:baselines = [[ 0.25864312  0.28224897  0.25492758  0.25118557]
 [ 0.34074378  0.45020711  0.45574552  0.30028403]
 [ 0.2900525   0.32539272  0.34246099  0.23867279]
 ..., 
 [ 0.29055953  0.41058689  0.32988244  0.32030654]
 [ 0.28245187  0.25442213  0.1941345   0.14025088]
 [ 0.30224514  0.26770502  0.35621816  0.36045849]]	rewards = [[ 0.  0.  0.  0.]
 [ 0.  0.  0.  0.]
 [ 0.  0.  0.  0.]
 ..., 
 [ 1.  1.  1.  1.]
 [ 0.  0.  0.  0.]
 [ 0.  0.  0.  0.]]
INFO:root:epoch 7: batch: 300/420
INFO:root:epoch 7: avg_accuracy: 0.5078125
INFO:root:epoch 7: lr = 0.000808
INFO:root:epoch 7: reward = 0.4055	loss = 1.8764	xent = 1.6852
INFO:root:llratio = 0.0121	baselines_mse = 0.2032
DEBUG:root:baselines = [[ 0.29913753  0.24336979  0.2235032   0.2125971 ]
 [ 0.49603522  0.37662736  0.29342043  0.45549619]
 [ 0.42756104  0.366364    0.4094612   0.39307874]
 ..., 
 [ 0.47636175  0.48725605  0.43963808  0.41972053]
 [ 0.30783987  0.26576966  0.22876638  0.21346912]
 [ 0.29798687  0.36338788  0.38868818  0.40626213]]	rewards = [[ 0.  0.  0.  0.]
 [ 1.  1.  1.  1.]
 [ 0.  0.  0.  0.]
 ..., 
 [ 1.  1.  1.  1.]
 [ 0.  0.  0.  0.]
 [ 0.  0.  0.  0.]]
INFO:root:epoch 7: batch: 400/420
INFO:root:epoch 7: avg_accuracy: 0.546875
INFO:root:epoch 7: lr = 0.000808
INFO:root:epoch 7: reward = 0.4016	loss = 1.8834	xent = 1.6751
INFO:root:llratio = -0.0019	baselines_mse = 0.2064
DEBUG:root:baselines = [[ 0.3844313   0.23278937  0.22333485  0.17114371]
 [ 0.66657043  0.65100062  1.0077523   0.95534861]
 [ 0.31756699  0.23535752  0.31931403  0.3637974 ]
 ..., 
 [ 0.28694308  0.28083009  0.26204932  0.22667597]
 [ 0.34760308  0.26087403  0.36795238  0.30900556]
 [ 0.27323654  0.33585852  0.25418946  0.41983706]]	rewards = [[ 0.  0.  0.  0.]
 [ 1.  1.  1.  1.]
 [ 0.  0.  0.  0.]
 ..., 
 [ 0.  0.  0.  0.]
 [ 0.  0.  0.  0.]
 [ 1.  1.  1.  1.]]
INFO:root:epoch 7: valid_accuracy = 0.5798233695652174
INFO:root:time_per_epoch: 
INFO:root:epoch 8: batch: 100/420
INFO:root:epoch 8: avg_accuracy: 0.609375
INFO:root:epoch 8: lr = 0.000784
INFO:root:epoch 8: reward = 0.4680	loss = 1.7347	xent = 1.5149
INFO:root:llratio = 0.0023	baselines_mse = 0.2221
DEBUG:root:baselines = [[ 0.43077105  0.47636628  0.39297658  0.35747463]
 [ 0.81702983  1.00018191  1.07202935  1.11273503]
 [ 0.5224793   0.4805949   0.54674995  0.54315078]
 ..., 
 [ 0.41327399  0.45148763  0.4505569   0.5015384 ]
 [ 0.39696527  0.38826716  0.33943808  0.31685862]
 [ 0.34863111  0.37116536  0.40566808  0.35164469]]	rewards = [[ 1.  1.  1.  1.]
 [ 1.  1.  1.  1.]
 [ 1.  1.  1.  1.]
 ..., 
 [ 1.  1.  1.  1.]
 [ 0.  0.  0.  0.]
 [ 0.  0.  0.  0.]]
INFO:root:epoch 8: batch: 200/420
INFO:root:epoch 8: avg_accuracy: 0.6328125
INFO:root:epoch 8: lr = 0.000784
INFO:root:epoch 8: reward = 0.4695	loss = 1.7420	xent = 1.5367
INFO:root:llratio = 0.0098	baselines_mse = 0.2151
DEBUG:root:baselines = [[ 0.39222881  0.32158571  0.29912651  0.23495674]
 [ 0.52623159  0.37888056  0.33327127  0.24751532]
 [ 0.65568185  0.64491439  0.68671495  0.5771662 ]
 ..., 
 [ 0.39501035  0.33543783  0.24309546  0.44347697]
 [ 0.46189749  0.53138357  0.39938945  0.3612535 ]
 [ 0.3811307   0.34908769  0.45803744  0.46218657]]	rewards = [[ 0.  0.  0.  0.]
 [ 0.  0.  0.  0.]
 [ 1.  1.  1.  1.]
 ..., 
 [ 1.  1.  1.  1.]
 [ 0.  0.  0.  0.]
 [ 1.  1.  1.  1.]]
INFO:root:epoch 8: batch: 300/420
INFO:root:epoch 8: avg_accuracy: 0.546875
INFO:root:epoch 8: lr = 0.000784
INFO:root:epoch 8: reward = 0.4273	loss = 1.8210	xent = 1.6097
INFO:root:llratio = 0.0016	baselines_mse = 0.2129
DEBUG:root:baselines = [[ 0.36824575  0.30153823  0.28040123  0.24191409]
 [ 0.31867853  0.31784701  0.29318675  0.24280569]
 [ 0.36021     0.33119875  0.32356352  0.46563929]
 ..., 
 [ 0.35192215  0.29952419  0.60173821  0.55283523]
 [ 0.29113656  0.25983492  0.28809595  0.38457724]
 [ 0.32731122  0.43137887  0.46144554  0.50574422]]	rewards = [[ 0.  0.  0.  0.]
 [ 0.  0.  0.  0.]
 [ 0.  0.  0.  0.]
 ..., 
 [ 1.  1.  1.  1.]
 [ 0.  0.  0.  0.]
 [ 1.  1.  1.  1.]]
INFO:root:epoch 8: batch: 400/420
INFO:root:epoch 8: avg_accuracy: 0.5703125
INFO:root:epoch 8: lr = 0.000784
INFO:root:epoch 8: reward = 0.4211	loss = 1.8440	xent = 1.6394
INFO:root:llratio = -0.0003	baselines_mse = 0.2042
DEBUG:root:baselines = [[ 0.30368608  0.22185099  0.48775488  0.35780543]
 [ 0.82353026  0.85103661  0.96562678  0.94893485]
 [ 0.37526786  0.27865809  0.15491253  0.43317062]
 ..., 
 [ 0.30675596  0.27217966  0.25607532  0.20428543]
 [ 0.35773838  0.30857942  0.28616151  0.39379406]
 [ 0.69853526  0.7440632   0.71374452  0.7447111 ]]	rewards = [[ 1.  1.  1.  1.]
 [ 1.  1.  1.  1.]
 [ 0.  0.  0.  0.]
 ..., 
 [ 0.  0.  0.  0.]
 [ 1.  1.  1.  1.]
 [ 1.  1.  1.  1.]]
INFO:root:epoch 8: valid_accuracy = 0.6017323369565217
INFO:root:time_per_epoch: 
INFO:root:epoch 9: batch: 100/420
INFO:root:epoch 9: avg_accuracy: 0.6640625
INFO:root:epoch 9: lr = 0.000760
INFO:root:epoch 9: reward = 0.4734	loss = 1.7176	xent = 1.4973
INFO:root:llratio = -0.0031	baselines_mse = 0.2171
DEBUG:root:baselines = [[ 0.3836531   0.33812416  0.27733546  0.31054488]
 [ 0.72161782  0.98207259  1.06586814  1.06875372]
 [ 0.35612524  0.58742881  0.65775591  0.69969308]
 ..., 
 [ 0.468229    0.47203928  0.44791898  0.57538307]
 [ 0.3487688   0.37627023  0.16884278  0.14166197]
 [ 0.40308249  0.56299412  0.49562627  0.4656027 ]]	rewards = [[ 0.  0.  0.  0.]
 [ 1.  1.  1.  1.]
 [ 0.  0.  0.  0.]
 ..., 
 [ 1.  1.  1.  1.]
 [ 0.  0.  0.  0.]
 [ 1.  1.  1.  1.]]
INFO:root:epoch 9: batch: 200/420
INFO:root:epoch 9: avg_accuracy: 0.6484375
INFO:root:epoch 9: lr = 0.000760
INFO:root:epoch 9: reward = 0.4859	loss = 1.7201	xent = 1.5149
INFO:root:llratio = 0.0132	baselines_mse = 0.2183
DEBUG:root:baselines = [[ 0.32076108  0.25582689  0.19090697  0.16460046]
 [ 0.60616815  0.55948019  0.53728378  0.5519278 ]
 [ 0.27469212  0.27923521  0.24528161  0.24264553]
 ..., 
 [ 0.25783584  0.438178    0.32839426  0.25092202]
 [ 0.54973167  0.29621109  0.26165009  0.20084938]
 [ 0.36502451  0.46546847  0.51184237  0.42123178]]	rewards = [[ 0.  0.  0.  0.]
 [ 1.  1.  1.  1.]
 [ 0.  0.  0.  0.]
 ..., 
 [ 0.  0.  0.  0.]
 [ 1.  1.  1.  1.]
 [ 1.  1.  1.  1.]]
INFO:root:epoch 9: batch: 300/420
INFO:root:epoch 9: avg_accuracy: 0.6171875
INFO:root:epoch 9: lr = 0.000760
INFO:root:epoch 9: reward = 0.4477	loss = 1.8177	xent = 1.6088
INFO:root:llratio = 0.0066	baselines_mse = 0.2155
DEBUG:root:baselines = [[ 0.30754766  0.26372826  0.19197273  0.28390127]
 [ 0.33567864  0.35902458  0.28824753  0.30873764]
 [ 0.34400624  0.69260228  0.71852958  0.54377192]
 ..., 
 [ 0.32506445  0.2965582   0.24456882  0.22955395]
 [ 0.47287735  0.43011448  0.50276798  0.49331465]
 [ 0.42861679  0.39734632  0.54999244  0.56964171]]	rewards = [[ 0.  0.  0.  0.]
 [ 0.  0.  0.  0.]
 [ 0.  0.  0.  0.]
 ..., 
 [ 0.  0.  0.  0.]
 [ 1.  1.  1.  1.]
 [ 1.  1.  1.  1.]]
INFO:root:epoch 9: batch: 400/420
INFO:root:epoch 9: avg_accuracy: 0.6171875
INFO:root:epoch 9: lr = 0.000760
INFO:root:epoch 9: reward = 0.4453	loss = 1.7934	xent = 1.5911
INFO:root:llratio = 0.0036	baselines_mse = 0.2059
DEBUG:root:baselines = [[ 0.4124189   0.34433854  0.29393113  0.31081995]
 [ 0.90898156  0.9005518   0.85156906  0.93646306]
 [ 0.42321008  0.39244878  0.3420417   0.35808235]
 ..., 
 [ 0.57146806  0.51890332  0.48950231  0.36969852]
 [ 0.56916666  0.68050063  0.66298127  0.57649595]
 [ 0.66829026  0.64912373  0.66172111  0.69272387]]	rewards = [[ 0.  0.  0.  0.]
 [ 1.  1.  1.  1.]
 [ 0.  0.  0.  0.]
 ..., 
 [ 0.  0.  0.  0.]
 [ 1.  1.  1.  1.]
 [ 1.  1.  1.  1.]]
INFO:root:epoch 9: valid_accuracy = 0.6114130434782609
INFO:root:time_per_epoch: 
INFO:root:epoch 10: batch: 100/420
INFO:root:epoch 10: avg_accuracy: 0.625
INFO:root:epoch 10: lr = 0.000737
INFO:root:epoch 10: reward = 0.4914	loss = 1.7085	xent = 1.4710
INFO:root:llratio = -0.0084	baselines_mse = 0.2291
DEBUG:root:baselines = [[ 0.4791593   0.49849254  0.56234992  0.45982224]
 [ 0.56689566  0.72210169  0.77059174  0.71740866]
 [ 0.47060734  0.34237024  0.24483635  0.51370198]
 ..., 
 [ 0.53347856  0.54616219  0.50273144  0.51987737]
 [ 0.51411277  0.37969071  0.30852711  0.23800123]
 [ 0.32278481  0.29126117  0.18278144  0.13360366]]	rewards = [[ 1.  1.  1.  1.]
 [ 1.  1.  1.  1.]
 [ 0.  0.  0.  0.]
 ..., 
 [ 0.  0.  0.  0.]
 [ 1.  1.  1.  1.]
 [ 0.  0.  0.  0.]]
INFO:root:epoch 10: batch: 200/420
INFO:root:epoch 10: avg_accuracy: 0.6171875
INFO:root:epoch 10: lr = 0.000737
INFO:root:epoch 10: reward = 0.4922	loss = 1.6934	xent = 1.4788
INFO:root:llratio = 0.0022	baselines_mse = 0.2168
DEBUG:root:baselines = [[ 0.41267204  0.27919829  0.26348031  0.33670861]
 [ 0.56733596  0.51354283  0.47949731  0.46575433]
 [ 0.28757837  0.28265673  0.27965179  0.22466281]
 ..., 
 [ 0.40396744  0.27167362  0.2462284   0.22052848]
 [ 0.39255023  0.37548739  0.30287141  0.25744152]
 [ 0.33758089  0.3328914   0.41500026  0.3486169 ]]	rewards = [[ 1.  1.  1.  1.]
 [ 1.  1.  1.  1.]
 [ 0.  0.  0.  0.]
 ..., 
 [ 0.  0.  0.  0.]
 [ 0.  0.  0.  0.]
 [ 1.  1.  1.  1.]]
INFO:root:epoch 10: batch: 300/420
INFO:root:epoch 10: avg_accuracy: 0.578125
INFO:root:epoch 10: lr = 0.000737
INFO:root:epoch 10: reward = 0.4141	loss = 1.8352	xent = 1.6100
INFO:root:llratio = -0.0175	baselines_mse = 0.2077
DEBUG:root:baselines = [[ 0.3367905   0.31431836  0.29508102  0.39543349]
 [ 0.38937628  0.35653031  0.31903535  0.30282569]
 [ 0.4673681   0.45235905  0.4308354   0.41156596]
 ..., 
 [ 0.36089569  0.29581523  0.34719512  0.34478042]
 [ 0.48995548  0.48400179  0.46484777  0.5335623 ]
 [ 0.38576019  0.33474988  0.27265263  0.24503809]]	rewards = [[ 0.  0.  0.  0.]
 [ 0.  0.  0.  0.]
 [ 0.  0.  0.  0.]
 ..., 
 [ 0.  0.  0.  0.]
 [ 1.  1.  1.  1.]
 [ 0.  0.  0.  0.]]
INFO:root:epoch 10: batch: 400/420
INFO:root:epoch 10: avg_accuracy: 0.59375
INFO:root:epoch 10: lr = 0.000737
INFO:root:epoch 10: reward = 0.4586	loss = 1.7712	xent = 1.5735
INFO:root:llratio = 0.0108	baselines_mse = 0.2085
DEBUG:root:baselines = [[ 0.53193218  0.46968156  0.39684886  0.36802167]
 [ 0.70001549  0.93366575  0.878236    0.82108158]
 [ 0.32197502  0.30807692  0.18934914  0.18339922]
 ..., 
 [ 0.63042456  0.66421026  0.57678622  0.63069862]
 [ 0.3650445   0.62844121  0.68338501  0.67748654]
 [ 0.5876599   0.7503171   0.67389822  0.66703981]]	rewards = [[ 0.  0.  0.  0.]
 [ 1.  1.  1.  1.]
 [ 0.  0.  0.  0.]
 ..., 
 [ 0.  0.  0.  0.]
 [ 1.  1.  1.  1.]
 [ 1.  1.  1.  1.]]
INFO:root:epoch 10: valid_accuracy = 0.6316236413043478
INFO:root:time_per_epoch: 
INFO:root:epoch 11: batch: 100/420
INFO:root:epoch 11: avg_accuracy: 0.6171875
INFO:root:epoch 11: lr = 0.000715
INFO:root:epoch 11: reward = 0.4992	loss = 1.6586	xent = 1.4341
INFO:root:llratio = 0.0011	baselines_mse = 0.2256
DEBUG:root:baselines = [[ 0.34591568  0.27460998  0.25311166  0.19162348]
 [ 0.87599778  0.94927037  1.06693411  1.05232346]
 [ 0.38212004  0.36514997  0.31418818  0.28819218]
 ..., 
 [ 0.66257203  0.61294866  0.69614071  0.69871527]
 [ 0.3513141   0.32555526  0.27283823  0.20282963]
 [ 1.05309951  1.05015576  1.03661585  1.00950015]]	rewards = [[ 1.  1.  1.  1.]
 [ 1.  1.  1.  1.]
 [ 0.  0.  0.  0.]
 ..., 
 [ 0.  0.  0.  0.]
 [ 1.  1.  1.  1.]
 [ 1.  1.  1.  1.]]
INFO:root:epoch 11: batch: 200/420
INFO:root:epoch 11: avg_accuracy: 0.6484375
INFO:root:epoch 11: lr = 0.000715
INFO:root:epoch 11: reward = 0.4867	loss = 1.7090	xent = 1.4979
INFO:root:llratio = 0.0061	baselines_mse = 0.2172
DEBUG:root:baselines = [[ 0.33133602  0.32908952  0.29313159  0.26375827]
 [ 0.31714153  0.32318681  0.27475795  0.27978161]
 [ 0.27084088  0.21400596  0.16980511  0.14901224]
 ..., 
 [ 0.68881983  0.59043449  0.73523575  0.72269595]
 [ 0.42598879  0.32908779  0.25585389  0.18628848]
 [ 0.39013699  0.32862955  0.27210373  0.21763256]]	rewards = [[ 0.  0.  0.  0.]
 [ 0.  0.  0.  0.]
 [ 0.  0.  0.  0.]
 ..., 
 [ 1.  1.  1.  1.]
 [ 1.  1.  1.  1.]
 [ 1.  1.  1.  1.]]
INFO:root:epoch 11: batch: 300/420
INFO:root:epoch 11: avg_accuracy: 0.609375
INFO:root:epoch 11: lr = 0.000715
INFO:root:epoch 11: reward = 0.4477	loss = 1.7705	xent = 1.5576
INFO:root:llratio = -0.0023	baselines_mse = 0.2106
DEBUG:root:baselines = [[ 0.51983958  0.52499074  0.54927665  0.48115271]
 [ 0.54591864  0.50268358  0.48407829  0.41296995]
 [ 0.46731478  0.33205363  0.38671428  0.34567654]
 ..., 
 [ 0.37936866  0.4286038   0.49081475  0.49613893]
 [ 0.49831951  0.4789958   0.46306169  0.46600115]
 [ 0.49455851  0.47673619  0.3406564   0.27139497]]	rewards = [[ 0.  0.  0.  0.]
 [ 0.  0.  0.  0.]
 [ 0.  0.  0.  0.]
 ..., 
 [ 0.  0.  0.  0.]
 [ 0.  0.  0.  0.]
 [ 1.  1.  1.  1.]]
INFO:root:epoch 11: batch: 400/420
INFO:root:epoch 11: avg_accuracy: 0.6484375
INFO:root:epoch 11: lr = 0.000715
INFO:root:epoch 11: reward = 0.4508	loss = 1.7830	xent = 1.5811
INFO:root:llratio = 0.0078	baselines_mse = 0.2097
DEBUG:root:baselines = [[ 0.51336026  0.3134082   0.22808287  0.29207096]
 [ 0.54642051  0.82805383  0.99510151  1.0680865 ]
 [ 0.43513206  0.29364201  0.22948578  0.36192963]
 ..., 
 [ 0.48238754  0.40149933  0.3268232   0.27976453]
 [ 0.36800265  0.34034067  0.23408848  0.33276254]
 [ 0.62388843  0.5084942   0.54259837  0.50677758]]	rewards = [[ 0.  0.  0.  0.]
 [ 1.  1.  1.  1.]
 [ 0.  0.  0.  0.]
 ..., 
 [ 0.  0.  0.  0.]
 [ 1.  1.  1.  1.]
 [ 1.  1.  1.  1.]]
INFO:root:epoch 11: valid_accuracy = 0.6312839673913043
INFO:root:time_per_epoch: 
INFO:root:epoch 12: batch: 100/420
INFO:root:epoch 12: avg_accuracy: 0.6796875
INFO:root:epoch 12: lr = 0.000694
INFO:root:epoch 12: reward = 0.4898	loss = 1.6413	xent = 1.4282
INFO:root:llratio = 0.0021	baselines_mse = 0.2152
DEBUG:root:baselines = [[ 0.50291312  0.42988932  0.56726158  0.66323674]
 [ 0.62625438  0.67114687  0.66697848  0.73946929]
 [ 0.36820304  0.4224087   0.37139383  0.46515071]
 ..., 
 [ 0.56001222  0.57382679  0.59639746  0.65169352]
 [ 0.43567431  0.32830817  0.27360037  0.34446633]
 [ 1.01124585  1.02993453  1.05177104  1.04844058]]	rewards = [[ 1.  1.  1.  1.]
 [ 1.  1.  1.  1.]
 [ 0.  0.  0.  0.]
 ..., 
 [ 1.  1.  1.  1.]
 [ 0.  0.  0.  0.]
 [ 1.  1.  1.  1.]]
INFO:root:epoch 12: batch: 200/420
INFO:root:epoch 12: avg_accuracy: 0.640625
INFO:root:epoch 12: lr = 0.000694
INFO:root:epoch 12: reward = 0.4828	loss = 1.6689	xent = 1.4657
INFO:root:llratio = 0.0074	baselines_mse = 0.2106
DEBUG:root:baselines = [[ 0.3089194   0.21287268  0.36036813  0.40797973]
 [ 0.32463652  0.26112908  0.58625674  0.58163667]
 [ 0.36170852  0.2074526   0.22535986  0.15476386]
 ..., 
 [ 0.59747696  0.53791082  0.56016403  0.49221718]
 [ 0.50571907  0.362241    0.36367518  0.49549261]
 [ 0.35820827  0.2960071   0.26045594  0.23724866]]	rewards = [[ 1.  1.  1.  1.]
 [ 1.  1.  1.  1.]
 [ 0.  0.  0.  0.]
 ..., 
 [ 1.  1.  1.  1.]
 [ 0.  0.  0.  0.]
 [ 0.  0.  0.  0.]]
INFO:root:epoch 12: batch: 300/420
INFO:root:epoch 12: avg_accuracy: 0.5859375
INFO:root:epoch 12: lr = 0.000694
INFO:root:epoch 12: reward = 0.4547	loss = 1.7367	xent = 1.5280
INFO:root:llratio = 0.0025	baselines_mse = 0.2112
DEBUG:root:baselines = [[ 0.45107895  0.39273816  0.51023299  0.51454866]
 [ 0.42246068  0.31867343  0.29145199  0.23505557]
 [ 0.58961433  0.67419094  0.73557687  0.45372796]
 ..., 
 [ 0.43793851  0.53178316  0.52997625  0.59151727]
 [ 0.37689549  0.32945281  0.3074787   0.34170794]
 [ 0.43196386  0.41330251  0.55815482  0.72472697]]	rewards = [[ 0.  0.  0.  0.]
 [ 0.  0.  0.  0.]
 [ 0.  0.  0.  0.]
 ..., 
 [ 0.  0.  0.  0.]
 [ 1.  1.  1.  1.]
 [ 1.  1.  1.  1.]]
INFO:root:epoch 12: batch: 400/420
INFO:root:epoch 12: avg_accuracy: 0.609375
INFO:root:epoch 12: lr = 0.000694
INFO:root:epoch 12: reward = 0.4797	loss = 1.7163	xent = 1.5187
INFO:root:llratio = 0.0149	baselines_mse = 0.2126
DEBUG:root:baselines = [[ 0.48940015  0.35695431  0.32442448  0.29247373]
 [ 0.48547667  0.70316499  0.737535    0.57107425]
 [ 0.3593747   0.26841807  0.31829011  0.26951432]
 ..., 
 [ 0.44014257  0.44762486  0.41245976  0.37987143]
 [ 0.6242817   0.48822939  0.49833518  0.46714199]
 [ 0.65819985  0.57916647  0.65163624  0.46866333]]	rewards = [[ 0.  0.  0.  0.]
 [ 1.  1.  1.  1.]
 [ 0.  0.  0.  0.]
 ..., 
 [ 0.  0.  0.  0.]
 [ 0.  0.  0.  0.]
 [ 1.  1.  1.  1.]]
INFO:root:epoch 12: valid_accuracy = 0.638077445652174
INFO:root:time_per_epoch: 
INFO:root:epoch 13: batch: 100/420
INFO:root:epoch 13: avg_accuracy: 0.703125
INFO:root:epoch 13: lr = 0.000673
INFO:root:epoch 13: reward = 0.5125	loss = 1.6200	xent = 1.4178
INFO:root:llratio = 0.0165	baselines_mse = 0.2187
DEBUG:root:baselines = [[ 0.35805053  0.34860498  0.25171661  0.58652472]
 [ 0.82454693  0.83962196  0.9146803   1.03948593]
 [ 0.38374734  0.32416794  0.36361068  0.38710782]
 ..., 
 [ 0.51249504  0.38984483  0.32928655  0.26273566]
 [ 0.35972339  0.3110106   0.33095932  0.23483223]
 [ 0.34704664  0.53236282  0.45712468  0.45981047]]	rewards = [[ 1.  1.  1.  1.]
 [ 1.  1.  1.  1.]
 [ 0.  0.  0.  0.]
 ..., 
 [ 0.  0.  0.  0.]
 [ 1.  1.  1.  1.]
 [ 1.  1.  1.  1.]]
INFO:root:epoch 13: batch: 200/420
INFO:root:epoch 13: avg_accuracy: 0.703125
INFO:root:epoch 13: lr = 0.000673
INFO:root:epoch 13: reward = 0.5039	loss = 1.6259	xent = 1.4216
INFO:root:llratio = 0.0033	baselines_mse = 0.2076
DEBUG:root:baselines = [[ 0.58262336  0.55938274  0.57291919  0.58647084]
 [ 0.36590475  0.58719391  0.63436359  0.5326528 ]
 [ 0.57071519  0.5108636   0.48240113  0.53327161]
 ..., 
 [ 0.52277249  0.4827652   0.48379374  0.38253832]
 [ 0.32858431  0.28548557  0.24787134  0.25107244]
 [ 0.46309203  0.42222542  0.42499501  0.49447298]]	rewards = [[ 1.  1.  1.  1.]
 [ 1.  1.  1.  1.]
 [ 1.  1.  1.  1.]
 ..., 
 [ 0.  0.  0.  0.]
 [ 0.  0.  0.  0.]
 [ 0.  0.  0.  0.]]
INFO:root:epoch 13: batch: 300/420
INFO:root:epoch 13: avg_accuracy: 0.6171875
INFO:root:epoch 13: lr = 0.000673
INFO:root:epoch 13: reward = 0.4680	loss = 1.7100	xent = 1.4929
INFO:root:llratio = -0.0058	baselines_mse = 0.2113
DEBUG:root:baselines = [[ 0.37237784  0.41983393  0.43220097  0.53847623]
 [ 0.3769159   0.29546466  0.29669958  0.27348408]
 [ 0.53290999  0.46469525  0.5429529   0.56051552]
 ..., 
 [ 0.41547665  0.46706951  0.32180113  0.21193086]
 [ 0.34626579  0.28909996  0.24443661  0.18165232]
 [ 0.50847375  0.48275319  0.55571693  0.63486713]]	rewards = [[ 0.  0.  0.  0.]
 [ 0.  0.  0.  0.]
 [ 0.  0.  0.  0.]
 ..., 
 [ 0.  0.  0.  0.]
 [ 1.  1.  1.  1.]
 [ 1.  1.  1.  1.]]
INFO:root:epoch 13: batch: 400/420
INFO:root:epoch 13: avg_accuracy: 0.6484375
INFO:root:epoch 13: lr = 0.000673
INFO:root:epoch 13: reward = 0.4656	loss = 1.7309	xent = 1.5319
INFO:root:llratio = 0.0118	baselines_mse = 0.2108
DEBUG:root:baselines = [[ 0.41224355  0.34009242  0.23813802  0.17888004]
 [ 0.6326676   0.93494743  0.88519406  0.84508103]
 [ 0.31940416  0.28563088  0.2321828   0.1856875 ]
 ..., 
 [ 0.38399196  0.48093745  0.47895321  0.45046821]
 [ 0.72578025  0.78759176  0.75155342  0.80432278]
 [ 0.69281054  0.68175161  0.62637091  0.64255929]]	rewards = [[ 0.  0.  0.  0.]
 [ 1.  1.  1.  1.]
 [ 0.  0.  0.  0.]
 ..., 
 [ 0.  0.  0.  0.]
 [ 1.  1.  1.  1.]
 [ 1.  1.  1.  1.]]
INFO:root:epoch 13: valid_accuracy = 0.6491168478260869
INFO:root:time_per_epoch: 
INFO:root:epoch 14: batch: 100/420
INFO:root:epoch 14: avg_accuracy: 0.6796875
INFO:root:epoch 14: lr = 0.000653
INFO:root:epoch 14: reward = 0.5031	loss = 1.6037	xent = 1.3970
INFO:root:llratio = 0.0035	baselines_mse = 0.2103
DEBUG:root:baselines = [[ 0.34800825  0.33011982  0.30417305  0.34230867]
 [ 0.77817196  0.88295132  0.85642415  0.8977626 ]
 [ 0.39552307  0.46305114  0.48355204  0.5994482 ]
 ..., 
 [ 0.72239685  0.7405259   0.65343642  0.5936631 ]
 [ 0.3384223   0.38610446  0.32838386  0.33140865]
 [ 0.30782503  0.24675418  0.2364554   0.16374795]]	rewards = [[ 1.  1.  1.  1.]
 [ 1.  1.  1.  1.]
 [ 0.  0.  0.  0.]
 ..., 
 [ 0.  0.  0.  0.]
 [ 1.  1.  1.  1.]
 [ 0.  0.  0.  0.]]
INFO:root:epoch 14: batch: 200/420
INFO:root:epoch 14: avg_accuracy: 0.6640625
INFO:root:epoch 14: lr = 0.000653
INFO:root:epoch 14: reward = 0.4875	loss = 1.6376	xent = 1.4364
INFO:root:llratio = 0.0059	baselines_mse = 0.2071
DEBUG:root:baselines = [[ 0.36942869  0.31206924  0.25669029  0.26337582]
 [ 0.32946515  0.27162537  0.32114738  0.28235343]
 [ 0.35522765  0.38607222  0.33498627  0.39400697]
 ..., 
 [ 0.30237123  0.41675207  0.58818835  0.4816221 ]
 [ 0.31458622  0.39545292  0.35133579  0.44873279]
 [ 0.79937154  0.68514639  0.65123743  0.69705492]]	rewards = [[ 1.  1.  1.  1.]
 [ 0.  0.  0.  0.]
 [ 1.  1.  1.  1.]
 ..., 
 [ 0.  0.  0.  0.]
 [ 0.  0.  0.  0.]
 [ 1.  1.  1.  1.]]
INFO:root:epoch 14: batch: 300/420
INFO:root:epoch 14: avg_accuracy: 0.5625
INFO:root:epoch 14: lr = 0.000653
INFO:root:epoch 14: reward = 0.4516	loss = 1.7480	xent = 1.5306
INFO:root:llratio = -0.0064	baselines_mse = 0.2110
DEBUG:root:baselines = [[ 0.36902082  0.55597544  0.45712197  0.54840529]
 [ 0.30172861  0.26414743  0.27228373  0.30499157]
 [ 0.482683    0.33664036  0.4230639   0.3830424 ]
 ..., 
 [ 0.36485243  0.23672768  0.32593936  0.27126974]
 [ 0.47072273  0.41043526  0.36092067  0.27953383]
 [ 0.36063957  0.38797826  0.36741573  0.46682   ]]	rewards = [[ 0.  0.  0.  0.]
 [ 1.  1.  1.  1.]
 [ 1.  1.  1.  1.]
 ..., 
 [ 1.  1.  1.  1.]
 [ 0.  0.  0.  0.]
 [ 1.  1.  1.  1.]]
INFO:root:epoch 14: batch: 400/420
INFO:root:epoch 14: avg_accuracy: 0.625
INFO:root:epoch 14: lr = 0.000653
INFO:root:epoch 14: reward = 0.4867	loss = 1.6946	xent = 1.4967
INFO:root:llratio = 0.0108	baselines_mse = 0.2087
DEBUG:root:baselines = [[ 0.80043948  0.78805745  0.79216254  0.77184391]
 [ 0.82668817  0.78750992  0.88169944  0.89558434]
 [ 0.34069893  0.40945736  0.34294933  0.32371014]
 ..., 
 [ 0.47447336  0.3458786   0.23639046  0.15220734]
 [ 0.84643972  0.88886464  0.92136633  0.93899679]
 [ 0.51508796  0.57395148  0.57868469  0.6641891 ]]	rewards = [[ 0.  0.  0.  0.]
 [ 1.  1.  1.  1.]
 [ 0.  0.  0.  0.]
 ..., 
 [ 0.  0.  0.  0.]
 [ 1.  1.  1.  1.]
 [ 1.  1.  1.  1.]]
INFO:root:epoch 14: valid_accuracy = 0.650985054347826
INFO:root:time_per_epoch: 
INFO:root:epoch 15: batch: 100/420
INFO:root:epoch 15: avg_accuracy: 0.6796875
INFO:root:epoch 15: lr = 0.000633
INFO:root:epoch 15: reward = 0.4953	loss = 1.6045	xent = 1.3849
INFO:root:llratio = -0.0070	baselines_mse = 0.2125
DEBUG:root:baselines = [[ 0.45011207  0.6793884   0.65226996  0.48684892]
 [ 1.00417101  1.04639435  1.11176538  1.14380145]
 [ 0.45123008  0.52136576  0.46220684  0.42571461]
 ..., 
 [ 0.47986227  0.72450513  0.64157873  0.67204797]
 [ 0.40963241  0.43295252  0.42686674  0.37526137]
 [ 0.35271049  0.36203325  0.34070024  0.41693437]]	rewards = [[ 1.  1.  1.  1.]
 [ 1.  1.  1.  1.]
 [ 0.  0.  0.  0.]
 ..., 
 [ 1.  1.  1.  1.]
 [ 1.  1.  1.  1.]
 [ 1.  1.  1.  1.]]
INFO:root:epoch 15: batch: 200/420
INFO:root:epoch 15: avg_accuracy: 0.6640625
INFO:root:epoch 15: lr = 0.000633
INFO:root:epoch 15: reward = 0.5195	loss = 1.5777	xent = 1.3752
INFO:root:llratio = 0.0053	baselines_mse = 0.2078
DEBUG:root:baselines = [[ 0.34871483  0.26592487  0.20508651  0.45755365]
 [ 0.45709875  0.32891583  0.31754369  0.50376791]
 [ 0.2315753   0.36866641  0.32612434  0.30613235]
 ..., 
 [ 0.33411765  0.34493399  0.4852879   0.46376121]
 [ 0.36038941  0.35112286  0.35795534  0.30710968]
 [ 0.36931857  0.49235535  0.42138976  0.36993054]]	rewards = [[ 1.  1.  1.  1.]
 [ 1.  1.  1.  1.]
 [ 1.  1.  1.  1.]
 ..., 
 [ 1.  1.  1.  1.]
 [ 0.  0.  0.  0.]
 [ 0.  0.  0.  0.]]
INFO:root:epoch 15: batch: 300/420
INFO:root:epoch 15: avg_accuracy: 0.59375
INFO:root:epoch 15: lr = 0.000633
INFO:root:epoch 15: reward = 0.4641	loss = 1.7153	xent = 1.5069
INFO:root:llratio = 0.0044	baselines_mse = 0.2128
DEBUG:root:baselines = [[ 0.46572393  0.46425885  0.33046812  0.31125173]
 [ 0.41440785  0.38351667  0.31553805  0.289612  ]
 [ 0.62838084  0.51460898  0.50872403  0.41104347]
 ..., 
 [ 0.40002549  0.4268052   0.36267316  0.41772217]
 [ 0.3686063   0.42078009  0.37695706  0.3367292 ]
 [ 0.47553903  0.4079192   0.36519575  0.53608495]]	rewards = [[ 0.  0.  0.  0.]
 [ 0.  0.  0.  0.]
 [ 0.  0.  0.  0.]
 ..., 
 [ 0.  0.  0.  0.]
 [ 0.  0.  0.  0.]
 [ 1.  1.  1.  1.]]
INFO:root:epoch 15: batch: 400/420
INFO:root:epoch 15: avg_accuracy: 0.6171875
INFO:root:epoch 15: lr = 0.000633
INFO:root:epoch 15: reward = 0.4695	loss = 1.7385	xent = 1.5483
INFO:root:llratio = 0.0172	baselines_mse = 0.2074
DEBUG:root:baselines = [[ 0.41468251  0.32306564  0.24066696  0.22026518]
 [ 0.58221823  0.80201924  0.82815856  0.76100248]
 [ 0.31791103  0.24353518  0.27147207  0.38606513]
 ..., 
 [ 0.34967268  0.25714976  0.21702245  0.15691316]
 [ 0.43794882  0.46145451  0.54472983  0.67056507]
 [ 0.55821687  0.68188602  0.68717283  0.71836728]]	rewards = [[ 0.  0.  0.  0.]
 [ 1.  1.  1.  1.]
 [ 0.  0.  0.  0.]
 ..., 
 [ 1.  1.  1.  1.]
 [ 1.  1.  1.  1.]
 [ 1.  1.  1.  1.]]
INFO:root:epoch 15: valid_accuracy = 0.6491168478260869
INFO:root:time_per_epoch: 
INFO:root:epoch 16: batch: 100/420
INFO:root:epoch 16: avg_accuracy: 0.7421875
INFO:root:epoch 16: lr = 0.000614
INFO:root:epoch 16: reward = 0.5047	loss = 1.6090	xent = 1.3765
INFO:root:llratio = -0.0154	baselines_mse = 0.2170
DEBUG:root:baselines = [[ 0.50501275  0.48908585  0.6131922   0.53657806]
 [ 0.89846784  0.95283556  0.96036536  1.05559349]
 [ 0.68885636  0.70369375  0.74372441  0.7514962 ]
 ..., 
 [ 0.52965885  0.58355451  0.73279458  0.7831893 ]
 [ 0.42676002  0.32466543  0.26968136  0.22178917]
 [ 0.5487262   0.45578459  0.48758051  0.5217393 ]]	rewards = [[ 1.  1.  1.  1.]
 [ 1.  1.  1.  1.]
 [ 0.  0.  0.  0.]
 ..., 
 [ 1.  1.  1.  1.]
 [ 0.  0.  0.  0.]
 [ 1.  1.  1.  1.]]
INFO:root:epoch 16: batch: 200/420
INFO:root:epoch 16: avg_accuracy: 0.6796875
INFO:root:epoch 16: lr = 0.000614
INFO:root:epoch 16: reward = 0.5133	loss = 1.5851	xent = 1.3823
INFO:root:llratio = 0.0051	baselines_mse = 0.2079
DEBUG:root:baselines = [[ 0.56226832  0.35741311  0.20872892  0.22074163]
 [ 0.53129351  0.44506583  0.37759757  0.37743962]
 [ 0.35777307  0.42973888  0.80365604  0.90610957]
 ..., 
 [ 0.39824945  0.56620252  0.58500409  0.54100287]
 [ 0.45121506  0.4360806   0.52787167  0.53571427]
 [ 0.40725693  0.67794609  0.47504437  0.44478989]]	rewards = [[ 1.  1.  1.  1.]
 [ 0.  0.  0.  0.]
 [ 1.  1.  1.  1.]
 ..., 
 [ 1.  1.  1.  1.]
 [ 0.  0.  0.  0.]
 [ 1.  1.  1.  1.]]
INFO:root:epoch 16: batch: 300/420
INFO:root:epoch 16: avg_accuracy: 0.6015625
INFO:root:epoch 16: lr = 0.000614
INFO:root:epoch 16: reward = 0.4672	loss = 1.7026	xent = 1.4899
INFO:root:llratio = -0.0006	baselines_mse = 0.2121
DEBUG:root:baselines = [[ 0.38393337  0.35512599  0.356457    0.37463856]
 [ 0.46569154  0.54472494  0.39201176  0.29536912]
 [ 0.53606987  0.56210268  0.53316158  0.51224315]
 ..., 
 [ 0.36271793  0.4591459   0.46508044  0.50355101]
 [ 0.35899633  0.36285689  0.61828476  0.75522065]
 [ 0.48886302  0.42330065  0.38056061  0.37944365]]	rewards = [[ 0.  0.  0.  0.]
 [ 1.  1.  1.  1.]
 [ 0.  0.  0.  0.]
 ..., 
 [ 1.  1.  1.  1.]
 [ 1.  1.  1.  1.]
 [ 1.  1.  1.  1.]]
INFO:root:epoch 16: batch: 400/420
INFO:root:epoch 16: avg_accuracy: 0.640625
INFO:root:epoch 16: lr = 0.000614
INFO:root:epoch 16: reward = 0.4844	loss = 1.7121	xent = 1.4925
INFO:root:llratio = -0.0115	baselines_mse = 0.2081
DEBUG:root:baselines = [[ 0.50202727  0.4158147   0.4143604   0.36415243]
 [ 0.55979538  0.72604579  0.76962239  0.99288148]
 [ 0.52305663  0.4626089   0.24652579  0.25526842]
 ..., 
 [ 0.42821154  0.47060028  0.43484229  0.36236364]
 [ 0.46832162  0.4691129   0.56756276  0.53867722]
 [ 0.37202197  0.56761986  0.50788701  0.60684931]]	rewards = [[ 0.  0.  0.  0.]
 [ 1.  1.  1.  1.]
 [ 0.  0.  0.  0.]
 ..., 
 [ 0.  0.  0.  0.]
 [ 1.  1.  1.  1.]
 [ 1.  1.  1.  1.]]
INFO:root:epoch 16: valid_accuracy = 0.6657608695652174
INFO:root:time_per_epoch: 
INFO:root:epoch 17: batch: 100/420
INFO:root:epoch 17: avg_accuracy: 0.671875
INFO:root:epoch 17: lr = 0.000596
INFO:root:epoch 17: reward = 0.5047	loss = 1.6146	xent = 1.3884
INFO:root:llratio = -0.0089	baselines_mse = 0.2173
DEBUG:root:baselines = [[ 0.58946049  0.4742046   0.52391171  0.52294463]
 [ 0.92332405  0.91970628  1.02637422  1.0624131 ]
 [ 0.38689303  0.52422279  0.56367135  0.60235924]
 ..., 
 [ 0.44948196  0.49288106  0.60430229  0.57393622]
 [ 0.43449056  0.36100227  0.30029041  0.56395334]
 [ 0.31760794  0.27014863  0.23310296  0.3075738 ]]	rewards = [[ 1.  1.  1.  1.]
 [ 1.  1.  1.  1.]
 [ 0.  0.  0.  0.]
 ..., 
 [ 1.  1.  1.  1.]
 [ 0.  0.  0.  0.]
 [ 0.  0.  0.  0.]]
INFO:root:epoch 17: batch: 200/420
INFO:root:epoch 17: avg_accuracy: 0.671875
INFO:root:epoch 17: lr = 0.000596
INFO:root:epoch 17: reward = 0.5211	loss = 1.5653	xent = 1.3716
INFO:root:llratio = 0.0179	baselines_mse = 0.2116
DEBUG:root:baselines = [[ 0.38103485  0.35737109  0.24773824  0.25696161]
 [ 0.44035494  0.42890406  0.39525786  0.35218275]
 [ 0.41435003  0.42938045  0.31847715  0.44458577]
 ..., 
 [ 0.76099664  0.73328543  0.71370816  0.67964953]
 [ 0.58282644  0.5117197   0.32625586  0.32142124]
 [ 0.51486129  0.42727149  0.55277205  0.82585019]]	rewards = [[ 0.  0.  0.  0.]
 [ 1.  1.  1.  1.]
 [ 1.  1.  1.  1.]
 ..., 
 [ 1.  1.  1.  1.]
 [ 1.  1.  1.  1.]
 [ 1.  1.  1.  1.]]
INFO:root:epoch 17: batch: 300/420
INFO:root:epoch 17: avg_accuracy: 0.625
INFO:root:epoch 17: lr = 0.000596
INFO:root:epoch 17: reward = 0.4859	loss = 1.6757	xent = 1.4533
INFO:root:llratio = -0.0070	baselines_mse = 0.2154
DEBUG:root:baselines = [[ 0.4279424   0.38261664  0.39807767  0.37832689]
 [ 0.34674889  0.23730719  0.17081243  0.17993952]
 [ 0.36969343  0.42966032  0.4620434   0.49932075]
 ..., 
 [ 0.47219008  0.53455806  0.38861048  0.29297644]
 [ 0.38940698  0.40526766  0.39834601  0.37539881]
 [ 0.40585756  0.32949901  0.48756486  0.4961223 ]]	rewards = [[ 1.  1.  1.  1.]
 [ 0.  0.  0.  0.]
 [ 1.  1.  1.  1.]
 ..., 
 [ 0.  0.  0.  0.]
 [ 0.  0.  0.  0.]
 [ 1.  1.  1.  1.]]
INFO:root:epoch 17: batch: 400/420
INFO:root:epoch 17: avg_accuracy: 0.640625
INFO:root:epoch 17: lr = 0.000596
INFO:root:epoch 17: reward = 0.4961	loss = 1.6436	xent = 1.4543
INFO:root:llratio = 0.0239	baselines_mse = 0.2131
DEBUG:root:baselines = [[ 0.36585787  0.28477907  0.26864633  0.29748732]
 [ 0.76529711  0.78844142  0.85399294  0.7721495 ]
 [ 0.42409521  0.3299064   0.39801997  0.51972091]
 ..., 
 [ 0.39430422  0.50127077  0.57472712  0.56135744]
 [ 0.35728931  0.43820432  0.70282316  1.06921005]
 [ 0.59338063  0.61842579  0.7354337   0.66845888]]	rewards = [[ 1.  1.  1.  1.]
 [ 1.  1.  1.  1.]
 [ 0.  0.  0.  0.]
 ..., 
 [ 1.  1.  1.  1.]
 [ 1.  1.  1.  1.]
 [ 0.  0.  0.  0.]]
INFO:root:epoch 17: valid_accuracy = 0.6754415760869565
INFO:root:time_per_epoch: 
INFO:root:epoch 18: batch: 100/420
INFO:root:epoch 18: avg_accuracy: 0.7109375
INFO:root:epoch 18: lr = 0.000578
INFO:root:epoch 18: reward = 0.5156	loss = 1.5858	xent = 1.3787
INFO:root:llratio = 0.0131	baselines_mse = 0.2202
DEBUG:root:baselines = [[ 0.44537985  0.66155428  0.74021125  0.66189933]
 [ 0.94143474  0.9596678   0.95713139  0.90539575]
 [ 0.41274256  0.43747121  0.42565203  0.34046066]
 ..., 
 [ 0.52503675  0.43203667  0.44204402  0.51717198]
 [ 0.411699    0.25943759  0.19150542  0.16581482]
 [ 0.39905357  0.70830059  0.65534818  0.61218989]]	rewards = [[ 1.  1.  1.  1.]
 [ 1.  1.  1.  1.]
 [ 0.  0.  0.  0.]
 ..., 
 [ 1.  1.  1.  1.]
 [ 0.  0.  0.  0.]
 [ 0.  0.  0.  0.]]
INFO:root:epoch 18: batch: 200/420
INFO:root:epoch 18: avg_accuracy: 0.6796875
INFO:root:epoch 18: lr = 0.000578
INFO:root:epoch 18: reward = 0.5188	loss = 1.5817	xent = 1.3752
INFO:root:llratio = -0.0008	baselines_mse = 0.2057
DEBUG:root:baselines = [[ 0.4446708   0.38289875  0.29836228  0.30451411]
 [ 0.42149642  0.44467694  0.42220107  0.35197908]
 [ 0.39178586  0.37343931  0.37877339  0.43757921]
 ..., 
 [ 0.51991588  0.46569556  0.34099591  0.46166915]
 [ 0.36478472  0.48442435  0.51036108  0.47961247]
 [ 0.61226654  0.70025015  0.65236676  0.90225291]]	rewards = [[ 1.  1.  1.  1.]
 [ 1.  1.  1.  1.]
 [ 0.  0.  0.  0.]
 ..., 
 [ 1.  1.  1.  1.]
 [ 1.  1.  1.  1.]
 [ 1.  1.  1.  1.]]
